2019-11-28 08:09:46 [0] info: headers: {
  "headers": {
    "host": "127.0.0.1:45213",
    "accept-encoding": "gzip, deflate",
    "user-agent": "node-superagent/3.8.3",
    "connection": "close"
  }
}
2019-11-28 08:09:46 [0] info: start req: GET /bike/readAll{}
2019-11-28 08:09:46 [0] info: GET /bike/readAll 200 717 - 4.811 ms
{}
2019-11-28 08:09:46 [1] info: headers: {
  "headers": {
    "host": "127.0.0.1:35679",
    "accept-encoding": "gzip, deflate",
    "user-agent": "node-superagent/3.8.3",
    "connection": "close"
  }
}
2019-11-28 08:09:46 [1] info: start req: GET /bike/read/7ef8e968-7d5b-4bbb-9779-5abe4de457b6{}
2019-11-28 08:09:46 [1] error: error reading bike{
  "_error": {
    "error": 0,
    "message": "id parameter is not UUID conform"
  }
}
2019-11-28 08:09:46 [1] error: GET /bike/read/7ef8e968-7d5b-4bbb-9779-5abe4de457b6 400 67 - 1.909 ms
{}
2019-11-28 08:09:46 [2] info: headers: {
  "headers": {
    "host": "127.0.0.1:42451",
    "accept-encoding": "gzip, deflate",
    "user-agent": "node-superagent/3.8.3",
    "content-type": "application/json",
    "content-length": "72",
    "connection": "close"
  }
}
2019-11-28 08:09:46 [2] info: start req: POST /bike/create{}
2019-11-28 08:09:46 [2] info: body: {
  "body": {
    "bike": {
      "name": "The best",
      "brand": "KTM",
      "year": 2019,
      "type": "mountain"
    }
  }
}
2019-11-28 08:09:46 [2] info: POST /bike/create 200 116 - 11.799 ms
{}
2019-11-28 08:09:46 [3] info: headers: {
  "headers": {
    "host": "127.0.0.1:36657",
    "accept-encoding": "gzip, deflate",
    "user-agent": "node-superagent/3.8.3",
    "content-type": "application/json",
    "content-length": "2",
    "connection": "close"
  }
}
2019-11-28 08:09:46 [3] info: start req: POST /bike/create{}
2019-11-28 08:09:46 [3] error: error creating new bike{
  "_error": {
    "error": 0,
    "message": "bike parameters requirements are not met"
  }
}
2019-11-28 08:09:46 [3] error: POST /bike/create 400 75 - 1.434 ms
{}
2019-11-28 08:09:46 [4] info: headers: {
  "headers": {
    "host": "127.0.0.1:40813",
    "accept-encoding": "gzip, deflate",
    "user-agent": "node-superagent/3.8.3",
    "content-type": "application/json",
    "content-length": "2",
    "connection": "close"
  }
}
2019-11-28 08:09:46 [4] info: start req: POST /bike/create{}
2019-11-28 08:09:46 [4] error: error creating new bike{
  "_error": {
    "error": 0,
    "message": "bike parameters requirements are not met"
  }
}
2019-11-28 08:09:46 [4] error: POST /bike/create 400 75 - 1.565 ms
{}
2019-11-28 08:10:07 [0] info: headers: {
  "headers": {
    "host": "127.0.0.1:44355",
    "accept-encoding": "gzip, deflate",
    "user-agent": "node-superagent/3.8.3",
    "connection": "close"
  }
}
2019-11-28 08:10:07 [0] info: start req: GET /bike/readAll{}
2019-11-28 08:10:07 [0] info: GET /bike/readAll 200 717 - 4.895 ms
{}
2019-11-28 08:10:07 [1] info: headers: {
  "headers": {
    "host": "127.0.0.1:42425",
    "accept-encoding": "gzip, deflate",
    "user-agent": "node-superagent/3.8.3",
    "connection": "close"
  }
}
2019-11-28 08:10:07 [1] info: start req: GET /bike/read/7ef8e968-7d5b-4bbb-9779-5abe4de457b6{}
2019-11-28 08:10:07 [1] error: error reading bike{
  "_error": {
    "error": 0,
    "message": "id parameter is not UUID conform"
  }
}
2019-11-28 08:10:07 [1] error: GET /bike/read/7ef8e968-7d5b-4bbb-9779-5abe4de457b6 400 67 - 1.787 ms
{}
2019-11-28 08:10:07 [2] info: headers: {
  "headers": {
    "host": "127.0.0.1:37349",
    "accept-encoding": "gzip, deflate",
    "user-agent": "node-superagent/3.8.3",
    "content-type": "application/json",
    "content-length": "72",
    "connection": "close"
  }
}
2019-11-28 08:10:07 [2] info: start req: POST /bike/create{}
2019-11-28 08:10:07 [2] info: body: {
  "body": {
    "bike": {
      "name": "The best",
      "brand": "KTM",
      "year": 2019,
      "type": "mountain"
    }
  }
}
2019-11-28 08:10:07 [2] info: POST /bike/create 200 116 - 7.781 ms
{}
2019-11-28 08:10:07 [3] info: headers: {
  "headers": {
    "host": "127.0.0.1:33315",
    "accept-encoding": "gzip, deflate",
    "user-agent": "node-superagent/3.8.3",
    "content-type": "application/json",
    "content-length": "2",
    "connection": "close"
  }
}
2019-11-28 08:10:07 [3] info: start req: POST /bike/create{}
2019-11-28 08:10:07 [3] error: error creating new bike{
  "_error": {
    "error": 0,
    "message": "bike parameters requirements are not met"
  }
}
2019-11-28 08:10:07 [3] error: POST /bike/create 400 75 - 1.693 ms
{}
2019-11-28 08:10:07 [4] info: headers: {
  "headers": {
    "host": "127.0.0.1:35055",
    "accept-encoding": "gzip, deflate",
    "user-agent": "node-superagent/3.8.3",
    "content-type": "application/json",
    "content-length": "2",
    "connection": "close"
  }
}
2019-11-28 08:10:07 [4] info: start req: POST /bike/create{}
2019-11-28 08:10:07 [4] error: error creating new bike{
  "_error": {
    "error": 0,
    "message": "bike parameters requirements are not met"
  }
}
2019-11-28 08:10:07 [4] error: POST /bike/create 400 75 - 2.021 ms
{}
2019-11-28 08:10:54 [0] info: headers: {
  "headers": {
    "host": "127.0.0.1:46153",
    "accept-encoding": "gzip, deflate",
    "user-agent": "node-superagent/3.8.3",
    "connection": "close"
  }
}
2019-11-28 08:10:54 [0] info: start req: GET /bike/readAll{}
2019-11-28 08:10:54 [0] info: GET /bike/readAll 200 717 - 4.879 ms
{}
2019-11-28 08:10:54 [1] info: headers: {
  "headers": {
    "host": "127.0.0.1:42623",
    "accept-encoding": "gzip, deflate",
    "user-agent": "node-superagent/3.8.3",
    "connection": "close"
  }
}
2019-11-28 08:10:54 [1] info: start req: GET /bike/read/7ef8e968-7d5b-4bbb-9779-5abe4de457b6{}
2019-11-28 08:10:54 [1] error: error reading bike{
  "_error": {
    "error": 0,
    "message": "id parameter is not UUID conform"
  }
}
2019-11-28 08:10:54 [1] error: GET /bike/read/7ef8e968-7d5b-4bbb-9779-5abe4de457b6 400 67 - 1.686 ms
{}
2019-11-28 08:10:54 [2] info: headers: {
  "headers": {
    "host": "127.0.0.1:44563",
    "accept-encoding": "gzip, deflate",
    "user-agent": "node-superagent/3.8.3",
    "content-type": "application/json",
    "content-length": "72",
    "connection": "close"
  }
}
2019-11-28 08:10:54 [2] info: start req: POST /bike/create{}
2019-11-28 08:10:54 [2] info: body: {
  "body": {
    "bike": {
      "name": "The best",
      "brand": "KTM",
      "year": 2019,
      "type": "mountain"
    }
  }
}
2019-11-28 08:10:54 [2] info: POST /bike/create 200 116 - 7.223 ms
{}
2019-11-28 08:10:54 [3] info: headers: {
  "headers": {
    "host": "127.0.0.1:36103",
    "accept-encoding": "gzip, deflate",
    "user-agent": "node-superagent/3.8.3",
    "content-type": "application/json",
    "content-length": "2",
    "connection": "close"
  }
}
2019-11-28 08:10:54 [3] info: start req: POST /bike/create{}
2019-11-28 08:10:54 [3] error: error creating new bike{
  "_error": {
    "error": 0,
    "message": "bike parameters requirements are not met"
  }
}
2019-11-28 08:10:54 [3] error: POST /bike/create 400 75 - 1.403 ms
{}
2019-11-28 08:10:54 [4] info: headers: {
  "headers": {
    "host": "127.0.0.1:32921",
    "accept-encoding": "gzip, deflate",
    "user-agent": "node-superagent/3.8.3",
    "content-type": "application/json",
    "content-length": "2",
    "connection": "close"
  }
}
2019-11-28 08:10:54 [4] info: start req: POST /bike/create{}
2019-11-28 08:10:54 [4] error: error creating new bike{
  "_error": {
    "error": 0,
    "message": "bike parameters requirements are not met"
  }
}
2019-11-28 08:10:54 [4] error: POST /bike/create 400 75 - 1.182 ms
{}
2019-11-28 08:11:18 [0] info: headers: {
  "headers": {
    "host": "127.0.0.1:38897",
    "accept-encoding": "gzip, deflate",
    "user-agent": "node-superagent/3.8.3",
    "connection": "close"
  }
}
2019-11-28 08:11:18 [0] info: start req: GET /bike/readAll{}
2019-11-28 08:11:18 [0] info: GET /bike/readAll 200 717 - 4.651 ms
{}
2019-11-28 08:11:18 [1] info: headers: {
  "headers": {
    "host": "127.0.0.1:45231",
    "accept-encoding": "gzip, deflate",
    "user-agent": "node-superagent/3.8.3",
    "connection": "close"
  }
}
2019-11-28 08:11:18 [1] info: start req: GET /bike/read/7ef8e968-7d5b-4bbb-9779-5abe4de457b6{}
2019-11-28 08:11:18 [1] error: error reading bike{
  "_error": {
    "error": 0,
    "message": "id parameter is not UUID conform"
  }
}
2019-11-28 08:11:18 [1] error: GET /bike/read/7ef8e968-7d5b-4bbb-9779-5abe4de457b6 400 67 - 1.745 ms
{}
2019-11-28 08:11:18 [2] info: headers: {
  "headers": {
    "host": "127.0.0.1:36421",
    "accept-encoding": "gzip, deflate",
    "user-agent": "node-superagent/3.8.3",
    "content-type": "application/json",
    "content-length": "72",
    "connection": "close"
  }
}
2019-11-28 08:11:18 [2] info: start req: POST /bike/create{}
2019-11-28 08:11:18 [2] info: body: {
  "body": {
    "bike": {
      "name": "The best",
      "brand": "KTM",
      "year": 2019,
      "type": "mountain"
    }
  }
}
2019-11-28 08:11:18 [2] info: POST /bike/create 200 116 - 7.352 ms
{}
2019-11-28 08:11:18 [3] info: headers: {
  "headers": {
    "host": "127.0.0.1:45041",
    "accept-encoding": "gzip, deflate",
    "user-agent": "node-superagent/3.8.3",
    "content-type": "application/json",
    "content-length": "2",
    "connection": "close"
  }
}
2019-11-28 08:11:18 [3] info: start req: POST /bike/create{}
2019-11-28 08:11:18 [3] error: error creating new bike{
  "_error": {
    "error": 0,
    "message": "bike parameters requirements are not met"
  }
}
2019-11-28 08:11:18 [3] error: POST /bike/create 400 75 - 1.413 ms
{}
2019-11-28 08:11:18 [4] info: headers: {
  "headers": {
    "host": "127.0.0.1:43079",
    "accept-encoding": "gzip, deflate",
    "user-agent": "node-superagent/3.8.3",
    "content-type": "application/json",
    "content-length": "2",
    "connection": "close"
  }
}
2019-11-28 08:11:18 [4] info: start req: POST /bike/create{}
2019-11-28 08:11:18 [4] error: error creating new bike{
  "_error": {
    "error": 0,
    "message": "bike parameters requirements are not met"
  }
}
2019-11-28 08:11:18 [4] error: POST /bike/create 400 75 - 1.213 ms
{}
