2019-11-26 12:43:52 verbose: dev environement{}
2019-11-26 12:43:52 verbose: server started: {
  "port": 3000
}
2019-11-26 18:05:00 verbose: dev environement{}
2019-11-26 18:05:27 verbose: dev environement{}
2019-11-26 18:05:27 verbose: server started: {
  "port": 3000
}
2019-11-26 18:05:34 [0] info: headers: {
  "headers": {
    "host": "localhost:3000",
    "user-agent": "curl/7.58.0",
    "accept": "*/*",
    "content-type": "application/json",
    "content-length": "109"
  }
}
2019-11-26 18:05:34 [0] info: start req: POST /create{}
2019-11-26 18:05:34 [0] info: body: {
  "body": {
    "name": "City Max",
    "brand": "Devalon",
    "year": 2017,
    "motorType": "geared",
    "type": "urban"
  }
}
2019-11-26 18:05:35 [0] error: POST /create 404 1212 - 318.254 ms
{}
2019-11-26 18:06:28 [1] info: headers: {
  "headers": {
    "host": "localhost:3000",
    "user-agent": "curl/7.58.0",
    "accept": "*/*",
    "content-type": "application/json",
    "content-length": "109"
  }
}
2019-11-26 18:06:28 [1] info: start req: POST /bike/create{}
2019-11-26 18:06:28 [1] info: body: {
  "body": {
    "name": "City Max",
    "brand": "Devalon",
    "year": 2017,
    "motorType": "geared",
    "type": "urban"
  }
}
2019-11-26 18:06:28 [1] error: error creating new bike{
  "_error": "bike parameters requirements are not met"
}
2019-11-26 18:06:28 [1] error: POST /bike/create 400 - - 2.469 ms
{}
2019-11-26 18:07:35 verbose: dev environement{}
2019-11-26 18:07:35 verbose: server started: {
  "port": 3000
}
2019-11-26 18:07:38 [0] info: headers: {
  "headers": {
    "host": "localhost:3000",
    "user-agent": "curl/7.58.0",
    "accept": "*/*",
    "content-type": "application/json",
    "content-length": "109"
  }
}
2019-11-26 18:07:38 [0] info: start req: POST /bike/create{}
2019-11-26 18:07:38 [0] info: body: {
  "body": {
    "name": "City Max",
    "brand": "Devalon",
    "year": 2017,
    "motorType": "geared",
    "type": "urban"
  }
}
2019-11-26 18:07:38 [0] verbose: body: {
  "types": {
    "name": "string",
    "brand": "string",
    "year": "number",
    "type": "string"
  }
}
2019-11-26 18:07:38 [0] error: error creating new bike{
  "_error": "bike parameters requirements are not met"
}
2019-11-26 18:07:38 [0] error: POST /bike/create 400 - - 9.684 ms
{}
2019-11-26 18:08:29 verbose: dev environement{}
2019-11-26 18:08:29 verbose: server started: {
  "port": 3000
}
2019-11-26 18:08:30 [0] info: headers: {
  "headers": {
    "host": "localhost:3000",
    "user-agent": "curl/7.58.0",
    "accept": "*/*",
    "content-type": "application/json",
    "content-length": "109"
  }
}
2019-11-26 18:08:30 [0] info: start req: POST /bike/create{}
2019-11-26 18:08:30 [0] info: body: {
  "body": {
    "name": "City Max",
    "brand": "Devalon",
    "year": 2017,
    "motorType": "geared",
    "type": "urban"
  }
}
2019-11-26 18:08:30 [0] error: error creating new bike{
  "_error": {
    "message": "name is not defined",
    "stack": "ReferenceError: name is not defined
      at create (/home/anthony/workspace/perso/bike/nodejs/modules/queries.js:26:16)
      at Layer.handle [as handle_request] (/home/anthony/workspace/perso/bike/nodejs/node_modules/express/lib/router/layer.js:95:5)
      at next (/home/anthony/workspace/perso/bike/nodejs/node_modules/express/lib/router/route.js:137:13)
      at Route.dispatch (/home/anthony/workspace/perso/bike/nodejs/node_modules/express/lib/router/route.js:112:3)
      at Layer.handle [as handle_request] (/home/anthony/workspace/perso/bike/nodejs/node_modules/express/lib/router/layer.js:95:5)
      at /home/anthony/workspace/perso/bike/nodejs/node_modules/express/lib/router/index.js:281:22
      at Function.process_params (/home/anthony/workspace/perso/bike/nodejs/node_modules/express/lib/router/index.js:335:12)
      at next (/home/anthony/workspace/perso/bike/nodejs/node_modules/express/lib/router/index.js:275:10)
      at Function.handle (/home/anthony/workspace/perso/bike/nodejs/node_modules/express/lib/router/index.js:174:3)
      at router (/home/anthony/workspace/perso/bike/nodejs/node_modules/express/lib/router/index.js:47:12)"
  }
}
2019-11-26 18:08:30 [0] error: POST /bike/create 400 - - 18.933 ms
{}
2019-11-26 18:08:47 verbose: dev environement{}
2019-11-26 18:08:47 verbose: server started: {
  "port": 3000
}
2019-11-26 18:08:48 [0] info: headers: {
  "headers": {
    "host": "localhost:3000",
    "user-agent": "curl/7.58.0",
    "accept": "*/*",
    "content-type": "application/json",
    "content-length": "109"
  }
}
2019-11-26 18:08:48 [0] info: start req: POST /bike/create{}
2019-11-26 18:08:48 [0] info: body: {
  "body": {
    "name": "City Max",
    "brand": "Devalon",
    "year": 2017,
    "motorType": "geared",
    "type": "urban"
  }
}
2019-11-26 18:08:48 [0] verbose: body: {
  "cond": {
    "name": false,
    "brand": false,
    "year": false,
    "type": false
  },
  "types": {
    "name": "string",
    "brand": "string",
    "year": "number",
    "type": "string"
  }
}
2019-11-26 18:08:48 [0] error: error creating new bike{
  "_error": "bike parameters requirements are not met"
}
2019-11-26 18:08:48 [0] error: POST /bike/create 400 - - 9.532 ms
{}
2019-11-26 18:09:28 verbose: dev environement{}
2019-11-26 18:09:28 verbose: server started: {
  "port": 3000
}
2019-11-26 18:09:29 [0] info: headers: {
  "headers": {
    "host": "localhost:3000",
    "user-agent": "curl/7.58.0",
    "accept": "*/*",
    "content-type": "application/json",
    "content-length": "109"
  }
}
2019-11-26 18:09:29 [0] info: start req: POST /bike/create{}
2019-11-26 18:09:29 [0] info: body: {
  "body": {
    "name": "City Max",
    "brand": "Devalon",
    "year": 2017,
    "motorType": "geared",
    "type": "urban"
  }
}
2019-11-26 18:09:29 [0] verbose: body: {
  "cond": {
    "name": false,
    "brand": false,
    "year": false,
    "type": false
  },
  "types": {
    "name": "string",
    "brand": "string",
    "year": "number",
    "type": "string"
  }
}
2019-11-26 18:09:29 [0] error: error creating new bike{
  "_error": "bike already exists in the database"
}
2019-11-26 18:09:29 [0] error: POST /bike/create 400 - - 10.292 ms
{}
2019-11-26 18:13:00 [1] info: headers: {
  "headers": {
    "host": "localhost:3000",
    "user-agent": "curl/7.58.0",
    "accept": "*/*",
    "content-type": "application/json",
    "content-length": "110"
  }
}
2019-11-26 18:13:00 [1] info: start req: POST /bike/create{}
2019-11-26 18:13:00 [1] info: body: {
  "body": {
    "name": "City Max",
    "brand": "Devalodn",
    "year": 2017,
    "motorType": "geared",
    "type": "urban"
  }
}
2019-11-26 18:13:00 [1] verbose: body: {
  "cond": {
    "name": false,
    "brand": false,
    "year": false,
    "type": false
  },
  "types": {
    "name": "string",
    "brand": "string",
    "year": "number",
    "type": "string"
  }
}
2019-11-26 18:13:00 [1] error: error creating new bike{
  "_error": {
    "message": "window is not defined",
    "stack": "ReferenceError: window is not defined
      at generateUUID (/home/anthony/workspace/perso/bike/nodejs/config/functions.js:3:3)
      at create (/home/anthony/workspace/perso/bike/nodejs/modules/queries.js:57:15)
      at Layer.handle [as handle_request] (/home/anthony/workspace/perso/bike/nodejs/node_modules/express/lib/router/layer.js:95:5)
      at next (/home/anthony/workspace/perso/bike/nodejs/node_modules/express/lib/router/route.js:137:13)
      at Route.dispatch (/home/anthony/workspace/perso/bike/nodejs/node_modules/express/lib/router/route.js:112:3)
      at Layer.handle [as handle_request] (/home/anthony/workspace/perso/bike/nodejs/node_modules/express/lib/router/layer.js:95:5)
      at /home/anthony/workspace/perso/bike/nodejs/node_modules/express/lib/router/index.js:281:22
      at Function.process_params (/home/anthony/workspace/perso/bike/nodejs/node_modules/express/lib/router/index.js:335:12)
      at next (/home/anthony/workspace/perso/bike/nodejs/node_modules/express/lib/router/index.js:275:10)
      at Function.handle (/home/anthony/workspace/perso/bike/nodejs/node_modules/express/lib/router/index.js:174:3)"
  }
}
2019-11-26 18:13:00 [1] error: POST /bike/create 400 - - 4.689 ms
{}
2019-11-26 18:13:27 verbose: dev environement{}
2019-11-26 18:13:27 verbose: server started: {
  "port": 3000
}
2019-11-26 18:13:28 [0] info: headers: {
  "headers": {
    "host": "localhost:3000",
    "user-agent": "curl/7.58.0",
    "accept": "*/*",
    "content-type": "application/json",
    "content-length": "110"
  }
}
2019-11-26 18:13:28 [0] info: start req: POST /bike/create{}
2019-11-26 18:13:28 [0] info: body: {
  "body": {
    "name": "City Max",
    "brand": "Devalodn",
    "year": 2017,
    "motorType": "geared",
    "type": "urban"
  }
}
2019-11-26 18:13:28 [0] verbose: body: {
  "cond": {
    "name": false,
    "brand": false,
    "year": false,
    "type": false
  },
  "types": {
    "name": "string",
    "brand": "string",
    "year": "number",
    "type": "string"
  }
}
2019-11-26 18:13:28 [0] error: error creating new bike{
  "_error": {
    "message": "performance is not defined",
    "stack": "ReferenceError: performance is not defined
      at generateUUID (/home/anthony/workspace/perso/bike/nodejs/config/functions.js:4:13)
      at create (/home/anthony/workspace/perso/bike/nodejs/modules/queries.js:58:15)
      at Layer.handle [as handle_request] (/home/anthony/workspace/perso/bike/nodejs/node_modules/express/lib/router/layer.js:95:5)
      at next (/home/anthony/workspace/perso/bike/nodejs/node_modules/express/lib/router/route.js:137:13)
      at Route.dispatch (/home/anthony/workspace/perso/bike/nodejs/node_modules/express/lib/router/route.js:112:3)
      at Layer.handle [as handle_request] (/home/anthony/workspace/perso/bike/nodejs/node_modules/express/lib/router/layer.js:95:5)
      at /home/anthony/workspace/perso/bike/nodejs/node_modules/express/lib/router/index.js:281:22
      at Function.process_params (/home/anthony/workspace/perso/bike/nodejs/node_modules/express/lib/router/index.js:335:12)
      at next (/home/anthony/workspace/perso/bike/nodejs/node_modules/express/lib/router/index.js:275:10)
      at Function.handle (/home/anthony/workspace/perso/bike/nodejs/node_modules/express/lib/router/index.js:174:3)"
  }
}
2019-11-26 18:13:28 [0] error: POST /bike/create 400 - - 9.546 ms
{}
2019-11-26 18:13:44 verbose: dev environement{}
2019-11-26 18:13:44 verbose: server started: {
  "port": 3000
}
2019-11-26 18:13:45 [0] info: headers: {
  "headers": {
    "host": "localhost:3000",
    "user-agent": "curl/7.58.0",
    "accept": "*/*",
    "content-type": "application/json",
    "content-length": "110"
  }
}
2019-11-26 18:13:45 [0] info: start req: POST /bike/create{}
2019-11-26 18:13:45 [0] info: body: {
  "body": {
    "name": "City Max",
    "brand": "Devalodn",
    "year": 2017,
    "motorType": "geared",
    "type": "urban"
  }
}
2019-11-26 18:13:45 [0] verbose: body: {
  "cond": {
    "name": false,
    "brand": false,
    "year": false,
    "type": false
  },
  "types": {
    "name": "string",
    "brand": "string",
    "year": "number",
    "type": "string"
  }
}
2019-11-26 18:15:09 verbose: dev environement{}
2019-11-26 18:15:09 verbose: server started: {
  "port": 3000
}
2019-11-26 18:15:11 [0] info: headers: {
  "headers": {
    "host": "localhost:3000",
    "user-agent": "curl/7.58.0",
    "accept": "*/*",
    "content-type": "application/json",
    "content-length": "110"
  }
}
2019-11-26 18:15:11 [0] info: start req: POST /bike/create{}
2019-11-26 18:15:11 [0] info: body: {
  "body": {
    "name": "City Max",
    "brand": "Devalodn",
    "year": 2017,
    "motorType": "geared",
    "type": "urban"
  }
}
2019-11-26 18:15:11 [0] verbose: body: {
  "cond": {
    "name": false,
    "brand": false,
    "year": false,
    "type": false
  },
  "types": {
    "name": "string",
    "brand": "string",
    "year": "number",
    "type": "string"
  }
}
2019-11-26 18:15:11 [0] verbose: bike{
  "bike": {
    "name": "City Max",
    "brand": "Devalodn",
    "year": 2017,
    "motorType": "geared",
    "type": "urban",
    "id": "6ee05681-b96a-4275-0e01-ce4f02a7f4d1"
  }
}
2019-11-26 18:15:11 [0] verbose: bike{
  "bike": {
    "name": "City Max",
    "brand": "Devalodn",
    "year": 2017,
    "motorType": "geared",
    "type": "urban",
    "id": "6ee05681-b96a-4275-0e01-ce4f02a7f4d1"
  }
}
2019-11-26 18:17:11 info: POST /bike/create - - - - ms
{}
2019-11-26 18:19:43 verbose: dev environement{}
2019-11-26 18:19:43 verbose: server started: {
  "port": 3000
}
2019-11-26 18:19:46 [0] info: headers: {
  "headers": {
    "host": "localhost:3000",
    "user-agent": "curl/7.58.0",
    "accept": "*/*",
    "content-type": "application/json",
    "content-length": "110"
  }
}
2019-11-26 18:19:46 [0] info: start req: POST /bike/create{}
2019-11-26 18:19:46 [0] info: body: {
  "body": {
    "name": "City Max",
    "brand": "Devalodn",
    "year": 2017,
    "motorType": "geared",
    "type": "urban"
  }
}
2019-11-26 18:19:46 [0] verbose: body: {
  "cond": {
    "name": false,
    "brand": false,
    "year": false,
    "type": false
  },
  "types": {
    "name": "string",
    "brand": "string",
    "year": "number",
    "type": "string"
  }
}
2019-11-26 18:19:46 [0] verbose: bike{
  "bike": {
    "name": "City Max",
    "brand": "Devalodn",
    "year": 2017,
    "motorType": "geared",
    "type": "urban",
    "id": "ec53facc-d4a5-4759-359f-f9a99f2dbcf7"
  }
}
2019-11-26 18:19:46 [0] verbose: bike{
  "bike": {
    "name": "City Max",
    "brand": "Devalodn",
    "year": 2017,
    "motorType": "geared",
    "type": "urban",
    "id": "ec53facc-d4a5-4759-359f-f9a99f2dbcf7"
  }
}
2019-11-26 18:19:46 [0] info: POST /bike/create 200 38 - 12.508 ms
{}
2019-11-26 18:20:15 verbose: dev environement{}
2019-11-26 18:20:15 verbose: server started: {
  "port": 3000
}
2019-11-26 18:20:20 [0] info: headers: {
  "headers": {
    "host": "localhost:3000",
    "user-agent": "curl/7.58.0",
    "accept": "*/*",
    "content-type": "application/json",
    "content-length": "110"
  }
}
2019-11-26 18:20:20 [0] info: start req: POST /bike/create{}
2019-11-26 18:20:20 [0] info: body: {
  "body": {
    "name": "City Max",
    "brand": "Devalodn",
    "year": 2017,
    "motorType": "geared",
    "type": "urban"
  }
}
2019-11-26 18:20:20 [0] verbose: body: {
  "cond": {
    "name": false,
    "brand": false,
    "year": false,
    "type": false
  },
  "types": {
    "name": "string",
    "brand": "string",
    "year": "number",
    "type": "string"
  }
}
2019-11-26 18:20:20 [0] verbose: bike{
  "bike": {
    "name": "City Max",
    "brand": "Devalodn",
    "year": 2017,
    "motorType": "geared",
    "type": "urban",
    "id": "8d3f1431-013f-460a-a12f-cda9aaa8b786"
  }
}
2019-11-26 18:20:20 [0] verbose: bike{
  "bike": {
    "name": "City Max",
    "brand": "Devalodn",
    "year": 2017,
    "motorType": "geared",
    "type": "urban",
    "id": "8d3f1431-013f-460a-a12f-cda9aaa8b786"
  }
}
2019-11-26 18:20:20 [0] info: POST /bike/create 200 38 - 13.678 ms
{}
2019-11-26 18:20:45 verbose: dev environement{}
2019-11-26 18:20:45 verbose: server started: {
  "port": 3000
}
2019-11-26 18:20:46 [0] info: headers: {
  "headers": {
    "host": "localhost:3000",
    "user-agent": "curl/7.58.0",
    "accept": "*/*",
    "content-type": "application/json",
    "content-length": "110"
  }
}
2019-11-26 18:20:46 [0] info: start req: POST /bike/create{}
2019-11-26 18:20:46 [0] info: body: {
  "body": {
    "name": "City Max",
    "brand": "Devalodn",
    "year": 2017,
    "motorType": "geared",
    "type": "urban"
  }
}
2019-11-26 18:20:46 [0] verbose: body: {
  "cond": {
    "name": false,
    "brand": false,
    "year": false,
    "type": false
  },
  "types": {
    "name": "string",
    "brand": "string",
    "year": "number",
    "type": "string"
  }
}
2019-11-26 18:20:46 [0] verbose: bike{
  "bike": {
    "name": "City Max",
    "brand": "Devalodn",
    "year": 2017,
    "motorType": "geared",
    "type": "urban",
    "id": "e99a26fb-e86c-421f-80b1-dd38eab89508"
  }
}
2019-11-26 18:20:46 [0] verbose: bike{
  "bike": {
    "name": "City Max",
    "brand": "Devalodn",
    "year": 2017,
    "motorType": "geared",
    "type": "urban",
    "id": "e99a26fb-e86c-421f-80b1-dd38eab89508"
  }
}
2019-11-26 18:20:46 [0] info: POST /bike/create 200 38 - 14.436 ms
{}
2019-11-26 18:22:07 verbose: dev environement{}
2019-11-26 18:22:07 verbose: server started: {
  "port": 3000
}
2019-11-26 18:22:08 [0] info: headers: {
  "headers": {
    "host": "localhost:3000",
    "user-agent": "curl/7.58.0",
    "accept": "*/*",
    "content-type": "application/json",
    "content-length": "110"
  }
}
2019-11-26 18:22:08 [0] info: start req: POST /bike/create{}
2019-11-26 18:22:08 [0] info: body: {
  "body": {
    "name": "City Max",
    "brand": "Devalodn",
    "year": 2017,
    "motorType": "geared",
    "type": "urban"
  }
}
2019-11-26 18:22:08 [0] verbose: body: {
  "cond": {
    "name": false,
    "brand": false,
    "year": false,
    "type": false
  },
  "types": {
    "name": "string",
    "brand": "string",
    "year": "number",
    "type": "string"
  }
}
2019-11-26 18:22:08 [0] verbose: bike{
  "bike": {
    "name": "City Max",
    "brand": "Devalodn",
    "year": 2017,
    "motorType": "geared",
    "type": "urban",
    "id": "53e08829-3f1c-46ba-bc0a-e21279dd0dc9"
  }
}
2019-11-26 18:22:08 [0] verbose: bike{
  "bike": {
    "name": "City Max",
    "brand": "Devalodn",
    "year": 2017,
    "motorType": "geared",
    "type": "urban",
    "id": "53e08829-3f1c-46ba-bc0a-e21279dd0dc9"
  }
}
2019-11-26 18:22:08 [0] info: POST /bike/create 200 38 - 13.320 ms
{}
2019-11-26 18:24:08 verbose: dev environement{}
2019-11-26 18:24:08 verbose: server started: {
  "port": 3000
}
2019-11-26 18:24:11 [0] info: headers: {
  "headers": {
    "host": "localhost:3000",
    "user-agent": "curl/7.58.0",
    "accept": "*/*",
    "content-type": "application/json",
    "content-length": "110"
  }
}
2019-11-26 18:24:11 [0] info: start req: POST /bike/create{}
2019-11-26 18:24:11 [0] info: body: {
  "body": {
    "name": "City Max",
    "brand": "Devalodn",
    "year": 2017,
    "motorType": "geared",
    "type": "urban"
  }
}
2019-11-26 18:24:11 [0] verbose: body: {
  "cond": {
    "name": false,
    "brand": false,
    "year": false,
    "type": false
  },
  "types": {
    "name": "string",
    "brand": "string",
    "year": "number",
    "type": "string"
  }
}
2019-11-26 18:24:11 [0] verbose: bike{
  "bike": {
    "name": "City Max",
    "brand": "Devalodn",
    "year": 2017,
    "motorType": "geared",
    "type": "urban",
    "id": "92cab334-b274-40f8-a3b1-6cf49f83edaa"
  }
}
2019-11-26 18:24:11 [0] verbose: bike{
  "bike": {
    "name": "City Max",
    "brand": "Devalodn",
    "year": 2017,
    "motorType": "geared",
    "type": "urban",
    "id": "92cab334-b274-40f8-a3b1-6cf49f83edaa"
  }
}
2019-11-26 18:24:11 [0] info: POST /bike/create 200 38 - 12.240 ms
{}
2019-11-26 18:24:17 [1] info: headers: {
  "headers": {
    "host": "localhost:3000",
    "user-agent": "curl/7.58.0",
    "accept": "*/*",
    "content-type": "application/json",
    "content-length": "110"
  }
}
2019-11-26 18:24:17 [1] info: start req: POST /bike/create{}
2019-11-26 18:24:17 [1] info: body: {
  "body": {
    "name": "City Max",
    "brand": "Devalodn",
    "year": 2017,
    "motorType": "geared",
    "type": "urban"
  }
}
2019-11-26 18:24:17 [1] verbose: body: {
  "cond": {
    "name": false,
    "brand": false,
    "year": false,
    "type": false
  },
  "types": {
    "name": "string",
    "brand": "string",
    "year": "number",
    "type": "string"
  }
}
2019-11-26 18:24:17 [1] verbose: bike{
  "bike": {
    "name": "City Max",
    "brand": "Devalodn",
    "year": 2017,
    "motorType": "geared",
    "type": "urban",
    "id": "322a28d4-5fa8-46b4-0c99-0bc0fa41fc0f"
  }
}
2019-11-26 18:24:17 [1] verbose: bike{
  "bike": {
    "name": "City Max",
    "brand": "Devalodn",
    "year": 2017,
    "motorType": "geared",
    "type": "urban",
    "id": "322a28d4-5fa8-46b4-0c99-0bc0fa41fc0f"
  }
}
2019-11-26 18:24:17 [1] info: POST /bike/create 200 38 - 4.913 ms
{}
2019-11-26 18:24:41 verbose: dev environement{}
2019-11-26 18:24:41 verbose: server started: {
  "port": 3000
}
2019-11-26 18:24:42 [0] info: headers: {
  "headers": {
    "host": "localhost:3000",
    "user-agent": "curl/7.58.0",
    "accept": "*/*",
    "content-type": "application/json",
    "content-length": "110"
  }
}
2019-11-26 18:24:42 [0] info: start req: POST /bike/create{}
2019-11-26 18:24:42 [0] info: body: {
  "body": {
    "name": "City Max",
    "brand": "Devalodn",
    "year": 2017,
    "motorType": "geared",
    "type": "urban"
  }
}
2019-11-26 18:24:42 [0] verbose: body: {
  "cond": {
    "name": false,
    "brand": false,
    "year": false,
    "type": false
  },
  "types": {
    "name": "string",
    "brand": "string",
    "year": "number",
    "type": "string"
  }
}
2019-11-26 18:24:42 [0] verbose: bike{
  "bike": {
    "name": "City Max",
    "brand": "Devalodn",
    "year": 2017,
    "motorType": "geared",
    "type": "urban",
    "id": "7735511e-e630-44ae-0a32-a16e3c66d07d"
  }
}
2019-11-26 18:24:42 [0] verbose: bike{
  "bike": {
    "name": "City Max",
    "brand": "Devalodn",
    "year": 2017,
    "motorType": "geared",
    "type": "urban",
    "id": "7735511e-e630-44ae-0a32-a16e3c66d07d"
  }
}
2019-11-26 18:24:42 [0] info: POST /bike/create 200 38 - 12.342 ms
{}
2019-11-26 18:25:17 verbose: dev environement{}
2019-11-26 18:25:17 verbose: server started: {
  "port": 3000
}
2019-11-26 18:25:21 [0] info: headers: {
  "headers": {
    "host": "localhost:3000",
    "user-agent": "curl/7.58.0",
    "accept": "*/*",
    "content-type": "application/json",
    "content-length": "110"
  }
}
2019-11-26 18:25:21 [0] info: start req: POST /bike/create{}
2019-11-26 18:25:21 [0] info: body: {
  "body": {
    "name": "City Max",
    "brand": "Devalodn",
    "year": 2017,
    "motorType": "geared",
    "type": "urban"
  }
}
2019-11-26 18:25:21 [0] verbose: body: {
  "cond": {
    "name": false,
    "brand": false,
    "year": false,
    "type": false
  },
  "types": {
    "name": "string",
    "brand": "string",
    "year": "number",
    "type": "string"
  }
}
2019-11-26 18:25:21 [0] verbose: bike{
  "bike": {
    "name": "City Max",
    "brand": "Devalodn",
    "year": 2017,
    "motorType": "geared",
    "type": "urban",
    "id": "873a6501-0cc7-45bc-1020-e02d2ceb9090"
  }
}
2019-11-26 18:25:21 [0] verbose: bike{
  "bike": {
    "name": "City Max",
    "brand": "Devalodn",
    "year": 2017,
    "motorType": "geared",
    "type": "urban",
    "id": "873a6501-0cc7-45bc-1020-e02d2ceb9090"
  }
}
2019-11-26 18:26:38 verbose: dev environement{}
2019-11-26 18:26:38 verbose: server started: {
  "port": 3000
}
2019-11-26 18:26:42 [0] info: headers: {
  "headers": {
    "host": "localhost:3000",
    "user-agent": "curl/7.58.0",
    "accept": "*/*",
    "content-type": "application/json",
    "content-length": "110"
  }
}
2019-11-26 18:26:42 [0] info: start req: POST /bike/create{}
2019-11-26 18:26:42 [0] info: body: {
  "body": {
    "name": "City Max",
    "brand": "Devalodn",
    "year": 2017,
    "motorType": "geared",
    "type": "urban"
  }
}
2019-11-26 18:26:42 [0] verbose: body: {
  "cond": {
    "name": false,
    "brand": false,
    "year": false,
    "type": false
  },
  "types": {
    "name": "string",
    "brand": "string",
    "year": "number",
    "type": "string"
  }
}
2019-11-26 18:26:42 [0] verbose: bike{
  "bike": {
    "name": "City Max",
    "brand": "Devalodn",
    "year": 2017,
    "motorType": "geared",
    "type": "urban",
    "id": "60d7230e-ce80-498f-a3b5-5218d4824507"
  }
}
2019-11-26 18:26:42 [0] verbose: bike{
  "bike": {
    "name": "City Max",
    "brand": "Devalodn",
    "year": 2017,
    "motorType": "geared",
    "type": "urban",
    "id": "60d7230e-ce80-498f-a3b5-5218d4824507"
  }
}
2019-11-26 18:27:05 verbose: dev environement{}
2019-11-26 18:27:05 verbose: server started: {
  "port": 3000
}
2019-11-26 18:27:05 [0] info: headers: {
  "headers": {
    "host": "localhost:3000",
    "user-agent": "curl/7.58.0",
    "accept": "*/*",
    "content-type": "application/json",
    "content-length": "110"
  }
}
2019-11-26 18:27:05 [0] info: start req: POST /bike/create{}
2019-11-26 18:27:05 [0] info: body: {
  "body": {
    "name": "City Max",
    "brand": "Devalodn",
    "year": 2017,
    "motorType": "geared",
    "type": "urban"
  }
}
2019-11-26 18:27:05 [0] verbose: body: {
  "cond": {
    "name": false,
    "brand": false,
    "year": false,
    "type": false
  },
  "types": {
    "name": "string",
    "brand": "string",
    "year": "number",
    "type": "string"
  }
}
2019-11-26 18:27:05 [0] verbose: bike{
  "bike": {
    "name": "City Max",
    "brand": "Devalodn",
    "year": 2017,
    "motorType": "geared",
    "type": "urban",
    "id": "8d994836-17c5-47fb-18a8-3c3bb34e0f41"
  }
}
2019-11-26 18:27:05 [0] verbose: bike{
  "bike": {
    "name": "City Max",
    "brand": "Devalodn",
    "year": 2017,
    "motorType": "geared",
    "type": "urban",
    "id": "8d994836-17c5-47fb-18a8-3c3bb34e0f41"
  }
}
2019-11-26 18:27:37 verbose: dev environement{}
2019-11-26 18:27:37 verbose: server started: {
  "port": 3000
}
2019-11-26 18:27:39 [0] info: headers: {
  "headers": {
    "host": "localhost:3000",
    "user-agent": "curl/7.58.0",
    "accept": "*/*",
    "content-type": "application/json",
    "content-length": "110"
  }
}
2019-11-26 18:27:39 [0] info: start req: POST /bike/create{}
2019-11-26 18:27:39 [0] info: body: {
  "body": {
    "name": "City Max",
    "brand": "Devalodn",
    "year": 2017,
    "motorType": "geared",
    "type": "urban"
  }
}
2019-11-26 18:27:39 [0] verbose: body: {
  "cond": {
    "name": false,
    "brand": false,
    "year": false,
    "type": false
  },
  "types": {
    "name": "string",
    "brand": "string",
    "year": "number",
    "type": "string"
  }
}
2019-11-26 18:27:39 [0] verbose: bike{
  "bike": {
    "name": "City Max",
    "brand": "Devalodn",
    "year": 2017,
    "motorType": "geared",
    "type": "urban",
    "id": "7b6b5fdd-322e-434f-8195-5a24d39a4209"
  }
}
2019-11-26 18:27:39 [0] verbose: bike{
  "bike": {
    "name": "City Max",
    "brand": "Devalodn",
    "year": 2017,
    "motorType": "geared",
    "type": "urban",
    "id": "7b6b5fdd-322e-434f-8195-5a24d39a4209"
  }
}
2019-11-26 18:29:39 info: POST /bike/create - - - - ms
{}
2019-11-26 18:30:31 verbose: dev environement{}
2019-11-26 18:30:31 verbose: server started: {
  "port": 3000
}
2019-11-26 18:30:32 [0] info: headers: {
  "headers": {
    "host": "localhost:3000",
    "user-agent": "curl/7.58.0",
    "accept": "*/*",
    "content-type": "application/json",
    "content-length": "110"
  }
}
2019-11-26 18:30:32 [0] info: start req: POST /bike/create{}
2019-11-26 18:30:32 [0] info: body: {
  "body": {
    "name": "City Max",
    "brand": "Devalodn",
    "year": 2017,
    "motorType": "geared",
    "type": "urban"
  }
}
2019-11-26 18:30:32 [0] verbose: body: {
  "cond": {
    "name": false,
    "brand": false,
    "year": false,
    "type": false
  },
  "types": {
    "name": "string",
    "brand": "string",
    "year": "number",
    "type": "string"
  }
}
2019-11-26 18:30:32 [0] verbose: bike{
  "bike": {
    "name": "City Max",
    "brand": "Devalodn",
    "year": 2017,
    "motorType": "geared",
    "type": "urban",
    "id": "1c959cf3-5d77-4197-8024-604e5d089206"
  }
}
2019-11-26 18:30:32 [0] verbose: bike{
  "bike": {
    "name": "City Max",
    "brand": "Devalodn",
    "year": 2017,
    "motorType": "geared",
    "type": "urban",
    "id": "1c959cf3-5d77-4197-8024-604e5d089206"
  }
}
2019-11-26 18:30:32 [0] info: POST /bike/create 200 38 - 13.377 ms
{}
2019-11-26 18:31:26 verbose: dev environement{}
2019-11-26 18:31:26 verbose: server started: {
  "port": 3000
}
2019-11-26 18:31:26 [0] info: headers: {
  "headers": {
    "host": "localhost:3000",
    "user-agent": "curl/7.58.0",
    "accept": "*/*",
    "content-type": "application/json",
    "content-length": "110"
  }
}
2019-11-26 18:31:26 [0] info: start req: POST /bike/create{}
2019-11-26 18:31:26 [0] info: body: {
  "body": {
    "name": "City Max",
    "brand": "Devalodn",
    "year": 2017,
    "motorType": "geared",
    "type": "urban"
  }
}
2019-11-26 18:31:26 [0] verbose: body: {
  "cond": {
    "name": false,
    "brand": false,
    "year": false,
    "type": false
  },
  "types": {
    "name": "string",
    "brand": "string",
    "year": "number",
    "type": "string"
  }
}
2019-11-26 18:31:26 [0] verbose: bike{
  "bike": {
    "name": "City Max",
    "brand": "Devalodn",
    "year": 2017,
    "motorType": "geared",
    "type": "urban",
    "id": "c389ecaf-6e12-4b53-0538-309477e71afa"
  }
}
2019-11-26 18:31:26 [0] verbose: bike{
  "bike": {
    "name": "City Max",
    "brand": "Devalodn",
    "year": 2017,
    "motorType": "geared",
    "type": "urban",
    "id": "c389ecaf-6e12-4b53-0538-309477e71afa"
  }
}
2019-11-26 18:31:26 [0] info: POST /bike/create 200 38 - 12.179 ms
{}
2019-11-26 18:31:46 verbose: dev environement{}
2019-11-26 18:31:46 verbose: server started: {
  "port": 3000
}
2019-11-26 18:33:27 verbose: dev environement{}
2019-11-26 18:33:27 verbose: server started: {
  "port": 3000
}
2019-11-26 18:33:28 [0] info: headers: {
  "headers": {
    "host": "localhost:3000",
    "user-agent": "curl/7.58.0",
    "accept": "*/*",
    "content-type": "application/json",
    "content-length": "110"
  }
}
2019-11-26 18:33:28 [0] info: start req: POST /bike/create{}
2019-11-26 18:33:28 [0] info: body: {
  "body": {
    "name": "City Max",
    "brand": "Devalodn",
    "year": 2017,
    "motorType": "geared",
    "type": "urban"
  }
}
2019-11-26 18:33:28 [0] verbose: body: {
  "cond": {
    "name": false,
    "brand": false,
    "year": false,
    "type": false
  },
  "types": {
    "name": "string",
    "brand": "string",
    "year": "number",
    "type": "string"
  }
}
2019-11-26 18:33:28 [0] verbose: bike{
  "bike": {
    "name": "City Max",
    "brand": "Devalodn",
    "year": 2017,
    "motorType": "geared",
    "type": "urban",
    "id": "f58ff0e9-2d4f-4869-3fe1-b21aa23f10b2"
  }
}
2019-11-26 18:33:28 [0] verbose: buffer{
  "buffer": {
    "type": "Buffer",
    "data": [
      44,
      10,
      123,
      10,
      32,
      32,
      34,
      110,
      97,
      109,
      101,
      34,
      58,
      32,
      34,
      67,
      105,
      116,
      121,
      32,
      77,
      97,
      120,
      34,
      44,
      10,
      32,
      32,
      34,
      98,
      114,
      97,
      110,
      100,
      34,
      58,
      32,
      34,
      68,
      101,
      118,
      97,
      108,
      111,
      100,
      110,
      34,
      44,
      10,
      32,
      32,
      34,
      121,
      101,
      97,
      114,
      34,
      58,
      32,
      50,
      48,
      49,
      55,
      44,
      10,
      32,
      32,
      34,
      109,
      111,
      116,
      111,
      114,
      84,
      121,
      112,
      101,
      34,
      58,
      32,
      34,
      103,
      101,
      97,
      114,
      101,
      100,
      34,
      44,
      10,
      32,
      32,
      34,
      116,
      121,
      112,
      101,
      34,
      58,
      32,
      34,
      117,
      114,
      98,
      97,
      110,
      34,
      44,
      10,
      32,
      32,
      34,
      105,
      100,
      34,
      58,
      32,
      34,
      102,
      53,
      56,
      102,
      102,
      48,
      101,
      57,
      45,
      50,
      100,
      52,
      102,
      45,
      52,
      56,
      54,
      57,
      45,
      51,
      102,
      101,
      49,
      45,
      98,
      50,
      49,
      97,
      97,
      50,
      51,
      102,
      49,
      48,
      98,
      50,
      34,
      10,
      125
    ]
  }
}
2019-11-26 18:33:28 [0] info: POST /bike/create 200 38 - 12.267 ms
{}
2019-11-26 18:36:07 [1] info: headers: {
  "headers": {
    "host": "localhost:3000",
    "user-agent": "curl/7.58.0",
    "accept": "*/*",
    "content-type": "application/json",
    "content-length": "110"
  }
}
2019-11-26 18:36:07 [1] info: start req: POST /bike/create{}
2019-11-26 18:36:07 [1] info: body: {
  "body": {
    "name": "City Max",
    "brand": "Devalodn",
    "year": 2017,
    "motorType": "geared",
    "type": "urban"
  }
}
2019-11-26 18:36:07 [1] verbose: body: {
  "cond": {
    "name": false,
    "brand": false,
    "year": false,
    "type": false
  },
  "types": {
    "name": "string",
    "brand": "string",
    "year": "number",
    "type": "string"
  }
}
2019-11-26 18:36:07 [1] error: error creating new bike{
  "_error": {
    "message": "Unexpected token , in JSON at position 0",
    "stack": "SyntaxError: Unexpected token , in JSON at position 0
      at JSON.parse (<anonymous>)
      at create (/home/anthony/workspace/perso/bike/nodejs/modules/queries.js:49:21)
      at Layer.handle [as handle_request] (/home/anthony/workspace/perso/bike/nodejs/node_modules/express/lib/router/layer.js:95:5)
      at next (/home/anthony/workspace/perso/bike/nodejs/node_modules/express/lib/router/route.js:137:13)
      at Route.dispatch (/home/anthony/workspace/perso/bike/nodejs/node_modules/express/lib/router/route.js:112:3)
      at Layer.handle [as handle_request] (/home/anthony/workspace/perso/bike/nodejs/node_modules/express/lib/router/layer.js:95:5)
      at /home/anthony/workspace/perso/bike/nodejs/node_modules/express/lib/router/index.js:281:22
      at Function.process_params (/home/anthony/workspace/perso/bike/nodejs/node_modules/express/lib/router/index.js:335:12)
      at next (/home/anthony/workspace/perso/bike/nodejs/node_modules/express/lib/router/index.js:275:10)
      at Function.handle (/home/anthony/workspace/perso/bike/nodejs/node_modules/express/lib/router/index.js:174:3)"
  }
}
2019-11-26 18:36:07 [1] error: POST /bike/create 400 - - 3.196 ms
{}
2019-11-26 18:36:28 verbose: dev environement{}
2019-11-26 18:36:28 verbose: server started: {
  "port": 3000
}
2019-11-26 18:36:29 [0] info: headers: {
  "headers": {
    "host": "localhost:3000",
    "user-agent": "curl/7.58.0",
    "accept": "*/*",
    "content-type": "application/json",
    "content-length": "110"
  }
}
2019-11-26 18:36:29 [0] info: start req: POST /bike/create{}
2019-11-26 18:36:29 [0] info: body: {
  "body": {
    "name": "City Max",
    "brand": "Devalodn",
    "year": 2017,
    "motorType": "geared",
    "type": "urban"
  }
}
2019-11-26 18:36:29 [0] verbose: body: {
  "cond": {
    "name": false,
    "brand": false,
    "year": false,
    "type": false
  },
  "types": {
    "name": "string",
    "brand": "string",
    "year": "number",
    "type": "string"
  }
}
2019-11-26 18:36:29 [0] verbose: bike{
  "bike": {
    "name": "City Max",
    "brand": "Devalodn",
    "year": 2017,
    "motorType": "geared",
    "type": "urban",
    "id": "4e4e3fbd-c981-4038-8ac2-053794a506dc"
  }
}
2019-11-26 18:36:29 [0] verbose: buffer{
  "buffer": {
    "type": "Buffer",
    "data": [
      44,
      10,
      123,
      10,
      32,
      32,
      34,
      110,
      97,
      109,
      101,
      34,
      58,
      32,
      34,
      67,
      105,
      116,
      121,
      32,
      77,
      97,
      120,
      34,
      44,
      10,
      32,
      32,
      34,
      98,
      114,
      97,
      110,
      100,
      34,
      58,
      32,
      34,
      68,
      101,
      118,
      97,
      108,
      111,
      100,
      110,
      34,
      44,
      10,
      32,
      32,
      34,
      121,
      101,
      97,
      114,
      34,
      58,
      32,
      50,
      48,
      49,
      55,
      44,
      10,
      32,
      32,
      34,
      109,
      111,
      116,
      111,
      114,
      84,
      121,
      112,
      101,
      34,
      58,
      32,
      34,
      103,
      101,
      97,
      114,
      101,
      100,
      34,
      44,
      10,
      32,
      32,
      34,
      116,
      121,
      112,
      101,
      34,
      58,
      32,
      34,
      117,
      114,
      98,
      97,
      110,
      34,
      44,
      10,
      32,
      32,
      34,
      105,
      100,
      34,
      58,
      32,
      34,
      52,
      101,
      52,
      101,
      51,
      102,
      98,
      100,
      45,
      99,
      57,
      56,
      49,
      45,
      52,
      48,
      51,
      56,
      45,
      56,
      97,
      99,
      50,
      45,
      48,
      53,
      51,
      55,
      57,
      52,
      97,
      53,
      48,
      54,
      100,
      99,
      34,
      10,
      125
    ]
  }
}
2019-11-26 18:36:29 [0] info: POST /bike/create 200 38 - 11.806 ms
{}
2019-11-26 18:38:33 verbose: dev environement{}
2019-11-26 18:38:33 verbose: server started: {
  "port": 3000
}
2019-11-26 18:38:34 [0] info: headers: {
  "headers": {
    "host": "localhost:3000",
    "user-agent": "curl/7.58.0",
    "accept": "*/*",
    "content-type": "application/json",
    "content-length": "110"
  }
}
2019-11-26 18:38:34 [0] info: start req: POST /bike/create{}
2019-11-26 18:38:34 [0] info: body: {
  "body": {
    "name": "City Max",
    "brand": "Devalodn",
    "year": 2017,
    "motorType": "geared",
    "type": "urban"
  }
}
2019-11-26 18:38:34 [0] verbose: body: {
  "cond": {
    "name": false,
    "brand": false,
    "year": false,
    "type": false
  },
  "types": {
    "name": "string",
    "brand": "string",
    "year": "number",
    "type": "string"
  }
}
2019-11-26 18:38:34 [0] verbose: bike{
  "bike": {
    "name": "City Max",
    "brand": "Devalodn",
    "year": 2017,
    "motorType": "geared",
    "type": "urban",
    "id": "9d713267-0a34-4ff8-921b-76db76f8af27"
  }
}
2019-11-26 18:38:34 [0] verbose: buffer{
  "buffer": {
    "type": "Buffer",
    "data": [
      44,
      10,
      123,
      10,
      32,
      32,
      34,
      110,
      97,
      109,
      101,
      34,
      58,
      32,
      34,
      67,
      105,
      116,
      121,
      32,
      77,
      97,
      120,
      34,
      44,
      10,
      32,
      32,
      34,
      98,
      114,
      97,
      110,
      100,
      34,
      58,
      32,
      34,
      68,
      101,
      118,
      97,
      108,
      111,
      100,
      110,
      34,
      44,
      10,
      32,
      32,
      34,
      121,
      101,
      97,
      114,
      34,
      58,
      32,
      50,
      48,
      49,
      55,
      44,
      10,
      32,
      32,
      34,
      109,
      111,
      116,
      111,
      114,
      84,
      121,
      112,
      101,
      34,
      58,
      32,
      34,
      103,
      101,
      97,
      114,
      101,
      100,
      34,
      44,
      10,
      32,
      32,
      34,
      116,
      121,
      112,
      101,
      34,
      58,
      32,
      34,
      117,
      114,
      98,
      97,
      110,
      34,
      44,
      10,
      32,
      32,
      34,
      105,
      100,
      34,
      58,
      32,
      34,
      57,
      100,
      55,
      49,
      51,
      50,
      54,
      55,
      45,
      48,
      97,
      51,
      52,
      45,
      52,
      102,
      102,
      56,
      45,
      57,
      50,
      49,
      98,
      45,
      55,
      54,
      100,
      98,
      55,
      54,
      102,
      56,
      97,
      102,
      50,
      55,
      34,
      10,
      125
    ]
  }
}
2019-11-26 18:38:34 [0] info: POST /bike/create 200 38 - 12.422 ms
{}
2019-11-26 18:38:41 [1] info: headers: {
  "headers": {
    "host": "localhost:3000",
    "user-agent": "curl/7.58.0",
    "accept": "*/*",
    "content-type": "application/json",
    "content-length": "110"
  }
}
2019-11-26 18:38:41 [1] info: start req: POST /bike/create{}
2019-11-26 18:38:41 [1] info: body: {
  "body": {
    "name": "City Max",
    "brand": "Devalodn",
    "year": 2017,
    "motorType": "geared",
    "type": "urban"
  }
}
2019-11-26 18:38:41 [1] verbose: body: {
  "cond": {
    "name": false,
    "brand": false,
    "year": false,
    "type": false
  },
  "types": {
    "name": "string",
    "brand": "string",
    "year": "number",
    "type": "string"
  }
}
2019-11-26 18:38:41 [1] error: error creating new bike{
  "_error": {
    "message": "Unexpected token , in JSON at position 0",
    "stack": "SyntaxError: Unexpected token , in JSON at position 0
      at JSON.parse (<anonymous>)
      at create (/home/anthony/workspace/perso/bike/nodejs/modules/queries.js:49:21)
      at Layer.handle [as handle_request] (/home/anthony/workspace/perso/bike/nodejs/node_modules/express/lib/router/layer.js:95:5)
      at next (/home/anthony/workspace/perso/bike/nodejs/node_modules/express/lib/router/route.js:137:13)
      at Route.dispatch (/home/anthony/workspace/perso/bike/nodejs/node_modules/express/lib/router/route.js:112:3)
      at Layer.handle [as handle_request] (/home/anthony/workspace/perso/bike/nodejs/node_modules/express/lib/router/layer.js:95:5)
      at /home/anthony/workspace/perso/bike/nodejs/node_modules/express/lib/router/index.js:281:22
      at Function.process_params (/home/anthony/workspace/perso/bike/nodejs/node_modules/express/lib/router/index.js:335:12)
      at next (/home/anthony/workspace/perso/bike/nodejs/node_modules/express/lib/router/index.js:275:10)
      at Function.handle (/home/anthony/workspace/perso/bike/nodejs/node_modules/express/lib/router/index.js:174:3)"
  }
}
2019-11-26 18:38:41 [1] error: POST /bike/create 400 - - 2.481 ms
{}
2019-11-26 18:38:46 [2] info: headers: {
  "headers": {
    "host": "localhost:3000",
    "user-agent": "curl/7.58.0",
    "accept": "*/*",
    "content-type": "application/json",
    "content-length": "111"
  }
}
2019-11-26 18:38:46 [2] info: start req: POST /bike/create{}
2019-11-26 18:38:46 [2] info: body: {
  "body": {
    "name": "City Max",
    "brand": "Devalodn",
    "year": 2017,
    "motorType": "geared",
    "type": "urband"
  }
}
2019-11-26 18:38:46 [2] verbose: body: {
  "cond": {
    "name": false,
    "brand": false,
    "year": false,
    "type": false
  },
  "types": {
    "name": "string",
    "brand": "string",
    "year": "number",
    "type": "string"
  }
}
2019-11-26 18:38:46 [2] error: error creating new bike{
  "_error": {
    "message": "Unexpected token , in JSON at position 0",
    "stack": "SyntaxError: Unexpected token , in JSON at position 0
      at JSON.parse (<anonymous>)
      at create (/home/anthony/workspace/perso/bike/nodejs/modules/queries.js:49:21)
      at Layer.handle [as handle_request] (/home/anthony/workspace/perso/bike/nodejs/node_modules/express/lib/router/layer.js:95:5)
      at next (/home/anthony/workspace/perso/bike/nodejs/node_modules/express/lib/router/route.js:137:13)
      at Route.dispatch (/home/anthony/workspace/perso/bike/nodejs/node_modules/express/lib/router/route.js:112:3)
      at Layer.handle [as handle_request] (/home/anthony/workspace/perso/bike/nodejs/node_modules/express/lib/router/layer.js:95:5)
      at /home/anthony/workspace/perso/bike/nodejs/node_modules/express/lib/router/index.js:281:22
      at Function.process_params (/home/anthony/workspace/perso/bike/nodejs/node_modules/express/lib/router/index.js:335:12)
      at next (/home/anthony/workspace/perso/bike/nodejs/node_modules/express/lib/router/index.js:275:10)
      at Function.handle (/home/anthony/workspace/perso/bike/nodejs/node_modules/express/lib/router/index.js:174:3)"
  }
}
2019-11-26 18:38:46 [2] error: POST /bike/create 400 - - 2.376 ms
{}
2019-11-26 18:39:32 error: POST /bike/create 400 957 - 327.174 ms
{}
2019-11-26 18:39:43 verbose: dev environement{}
2019-11-26 18:39:43 verbose: server started: {
  "port": 3000
}
2019-11-26 18:39:44 error: POST /bike/create 400 957 - 172.203 ms
{}
2019-11-26 18:39:55 [0] info: headers: {
  "headers": {
    "host": "localhost:3000",
    "user-agent": "curl/7.58.0",
    "accept": "*/*",
    "content-type": "application/json",
    "content-length": "110"
  }
}
2019-11-26 18:39:55 [0] info: start req: POST /bike/create{}
2019-11-26 18:39:55 [0] info: body: {
  "body": {
    "name": "City Max",
    "brand": "Devalodn",
    "year": 2017,
    "motorType": "geared",
    "type": "urban"
  }
}
2019-11-26 18:39:55 [0] verbose: body: {
  "cond": {
    "name": false,
    "brand": false,
    "year": false,
    "type": false
  },
  "types": {
    "name": "string",
    "brand": "string",
    "year": "number",
    "type": "string"
  }
}
2019-11-26 18:39:55 [0] verbose: bike{
  "bike": {
    "name": "City Max",
    "brand": "Devalodn",
    "year": 2017,
    "motorType": "geared",
    "type": "urban",
    "id": "2945a032-732e-4b08-a4f9-33c0efb61b7c"
  }
}
2019-11-26 18:39:55 [0] verbose: buffer{
  "buffer": {
    "type": "Buffer",
    "data": [
      44,
      10,
      123,
      10,
      32,
      32,
      34,
      110,
      97,
      109,
      101,
      34,
      58,
      32,
      34,
      67,
      105,
      116,
      121,
      32,
      77,
      97,
      120,
      34,
      44,
      10,
      32,
      32,
      34,
      98,
      114,
      97,
      110,
      100,
      34,
      58,
      32,
      34,
      68,
      101,
      118,
      97,
      108,
      111,
      100,
      110,
      34,
      44,
      10,
      32,
      32,
      34,
      121,
      101,
      97,
      114,
      34,
      58,
      32,
      50,
      48,
      49,
      55,
      44,
      10,
      32,
      32,
      34,
      109,
      111,
      116,
      111,
      114,
      84,
      121,
      112,
      101,
      34,
      58,
      32,
      34,
      103,
      101,
      97,
      114,
      101,
      100,
      34,
      44,
      10,
      32,
      32,
      34,
      116,
      121,
      112,
      101,
      34,
      58,
      32,
      34,
      117,
      114,
      98,
      97,
      110,
      34,
      44,
      10,
      32,
      32,
      34,
      105,
      100,
      34,
      58,
      32,
      34,
      50,
      57,
      52,
      53,
      97,
      48,
      51,
      50,
      45,
      55,
      51,
      50,
      101,
      45,
      52,
      98,
      48,
      56,
      45,
      97,
      52,
      102,
      57,
      45,
      51,
      51,
      99,
      48,
      101,
      102,
      98,
      54,
      49,
      98,
      55,
      99,
      34,
      10,
      125
    ]
  }
}
2019-11-26 18:39:55 [0] info: POST /bike/create 200 38 - 5.196 ms
{}
2019-11-26 18:40:09 [1] info: headers: {
  "headers": {
    "host": "localhost:3000",
    "user-agent": "curl/7.58.0",
    "accept": "*/*",
    "content-type": "application/json",
    "content-length": "114"
  }
}
2019-11-26 18:40:09 [1] info: start req: POST /bike/create{}
2019-11-26 18:40:09 [1] info: body: {
  "body": {
    "name": "City ddddMax",
    "brand": "Devalodn",
    "year": 2017,
    "motorType": "geared",
    "type": "urban"
  }
}
2019-11-26 18:40:09 [1] verbose: body: {
  "cond": {
    "name": false,
    "brand": false,
    "year": false,
    "type": false
  },
  "types": {
    "name": "string",
    "brand": "string",
    "year": "number",
    "type": "string"
  }
}
2019-11-26 18:40:09 [1] error: error creating new bike{
  "_error": {
    "message": "Unexpected token , in JSON at position 0",
    "stack": "SyntaxError: Unexpected token , in JSON at position 0
      at JSON.parse (<anonymous>)
      at create (/home/anthony/workspace/perso/bike/nodejs/modules/queries.js:49:21)
      at Layer.handle [as handle_request] (/home/anthony/workspace/perso/bike/nodejs/node_modules/express/lib/router/layer.js:95:5)
      at next (/home/anthony/workspace/perso/bike/nodejs/node_modules/express/lib/router/route.js:137:13)
      at Route.dispatch (/home/anthony/workspace/perso/bike/nodejs/node_modules/express/lib/router/route.js:112:3)
      at Layer.handle [as handle_request] (/home/anthony/workspace/perso/bike/nodejs/node_modules/express/lib/router/layer.js:95:5)
      at /home/anthony/workspace/perso/bike/nodejs/node_modules/express/lib/router/index.js:281:22
      at Function.process_params (/home/anthony/workspace/perso/bike/nodejs/node_modules/express/lib/router/index.js:335:12)
      at next (/home/anthony/workspace/perso/bike/nodejs/node_modules/express/lib/router/index.js:275:10)
      at Function.handle (/home/anthony/workspace/perso/bike/nodejs/node_modules/express/lib/router/index.js:174:3)"
  }
}
2019-11-26 18:40:09 [1] error: POST /bike/create 400 - - 2.049 ms
{}
2019-11-26 18:40:36 verbose: dev environement{}
2019-11-26 18:40:36 verbose: server started: {
  "port": 3000
}
2019-11-26 18:40:38 [0] info: headers: {
  "headers": {
    "host": "localhost:3000",
    "user-agent": "curl/7.58.0",
    "accept": "*/*",
    "content-type": "application/json",
    "content-length": "114"
  }
}
2019-11-26 18:40:38 [0] info: start req: POST /bike/create{}
2019-11-26 18:40:38 [0] info: body: {
  "body": {
    "name": "City ddddMax",
    "brand": "Devalodn",
    "year": 2017,
    "motorType": "geared",
    "type": "urban"
  }
}
2019-11-26 18:40:38 [0] verbose: body: {
  "cond": {
    "name": false,
    "brand": false,
    "year": false,
    "type": false
  },
  "types": {
    "name": "string",
    "brand": "string",
    "year": "number",
    "type": "string"
  }
}
2019-11-26 18:40:38 [0] verbose: bike{
  "bike": {
    "name": "City ddddMax",
    "brand": "Devalodn",
    "year": 2017,
    "motorType": "geared",
    "type": "urban",
    "id": "b9e60e83-d23a-4fee-a2d0-b1b150f9a80c"
  }
}
2019-11-26 18:40:38 [0] verbose: buffer{
  "buffer": {
    "type": "Buffer",
    "data": [
      44,
      10,
      123,
      10,
      32,
      32,
      34,
      110,
      97,
      109,
      101,
      34,
      58,
      32,
      34,
      67,
      105,
      116,
      121,
      32,
      100,
      100,
      100,
      100,
      77,
      97,
      120,
      34,
      44,
      10,
      32,
      32,
      34,
      98,
      114,
      97,
      110,
      100,
      34,
      58,
      32,
      34,
      68,
      101,
      118,
      97,
      108,
      111,
      100,
      110,
      34,
      44,
      10,
      32,
      32,
      34,
      121,
      101,
      97,
      114,
      34,
      58,
      32,
      50,
      48,
      49,
      55,
      44,
      10,
      32,
      32,
      34,
      109,
      111,
      116,
      111,
      114,
      84,
      121,
      112,
      101,
      34,
      58,
      32,
      34,
      103,
      101,
      97,
      114,
      101,
      100,
      34,
      44,
      10,
      32,
      32,
      34,
      116,
      121,
      112,
      101,
      34,
      58,
      32,
      34,
      117,
      114,
      98,
      97,
      110,
      34,
      44,
      10,
      32,
      32,
      34,
      105,
      100,
      34,
      58,
      32,
      34,
      98,
      57,
      101,
      54,
      48,
      101,
      56,
      51,
      45,
      100,
      50,
      51,
      97,
      45,
      52,
      102,
      101,
      101,
      45,
      97,
      50,
      100,
      48,
      45,
      98,
      49,
      98,
      49,
      53,
      48,
      102,
      57,
      97,
      56,
      48,
      99,
      34,
      10,
      125
    ]
  }
}
2019-11-26 18:40:38 [0] info: POST /bike/create 200 38 - 11.416 ms
{}
2019-11-26 18:41:02 verbose: dev environement{}
2019-11-26 18:41:02 verbose: server started: {
  "port": 3000
}
2019-11-26 18:41:04 [0] info: headers: {
  "headers": {
    "host": "localhost:3000",
    "user-agent": "curl/7.58.0",
    "accept": "*/*",
    "content-type": "application/json",
    "content-length": "114"
  }
}
2019-11-26 18:41:04 [0] info: start req: POST /bike/create{}
2019-11-26 18:41:04 [0] info: body: {
  "body": {
    "name": "City ddddMax",
    "brand": "Devalodn",
    "year": 2017,
    "motorType": "geared",
    "type": "urban"
  }
}
2019-11-26 18:41:04 [0] verbose: body: {
  "cond": {
    "name": false,
    "brand": false,
    "year": false,
    "type": false
  },
  "types": {
    "name": "string",
    "brand": "string",
    "year": "number",
    "type": "string"
  }
}
2019-11-26 18:41:04 [0] verbose: bike{
  "bike": {
    "name": "City ddddMax",
    "brand": "Devalodn",
    "year": 2017,
    "motorType": "geared",
    "type": "urban",
    "id": "76976cfa-8cd7-41bd-8a03-38c556474d9c"
  }
}
2019-11-26 18:41:04 [0] verbose: buffer{
  "buffer": {
    "type": "Buffer",
    "data": [
      44,
      10,
      123,
      10,
      32,
      32,
      34,
      110,
      97,
      109,
      101,
      34,
      58,
      32,
      34,
      67,
      105,
      116,
      121,
      32,
      100,
      100,
      100,
      100,
      77,
      97,
      120,
      34,
      44,
      10,
      32,
      32,
      34,
      98,
      114,
      97,
      110,
      100,
      34,
      58,
      32,
      34,
      68,
      101,
      118,
      97,
      108,
      111,
      100,
      110,
      34,
      44,
      10,
      32,
      32,
      34,
      121,
      101,
      97,
      114,
      34,
      58,
      32,
      50,
      48,
      49,
      55,
      44,
      10,
      32,
      32,
      34,
      109,
      111,
      116,
      111,
      114,
      84,
      121,
      112,
      101,
      34,
      58,
      32,
      34,
      103,
      101,
      97,
      114,
      101,
      100,
      34,
      44,
      10,
      32,
      32,
      34,
      116,
      121,
      112,
      101,
      34,
      58,
      32,
      34,
      117,
      114,
      98,
      97,
      110,
      34,
      44,
      10,
      32,
      32,
      34,
      105,
      100,
      34,
      58,
      32,
      34,
      55,
      54,
      57,
      55,
      54,
      99,
      102,
      97,
      45,
      56,
      99,
      100,
      55,
      45,
      52,
      49,
      98,
      100,
      45,
      56,
      97,
      48,
      51,
      45,
      51,
      56,
      99,
      53,
      53,
      54,
      52,
      55,
      52,
      100,
      57,
      99,
      34,
      10,
      125
    ]
  }
}
2019-11-26 18:41:04 [0] info: POST /bike/create 200 38 - 13.428 ms
{}
2019-11-26 18:41:32 verbose: dev environement{}
2019-11-26 18:41:32 verbose: server started: {
  "port": 3000
}
2019-11-26 18:41:34 [0] info: headers: {
  "headers": {
    "host": "localhost:3000",
    "user-agent": "curl/7.58.0",
    "accept": "*/*",
    "content-type": "application/json",
    "content-length": "114"
  }
}
2019-11-26 18:41:34 [0] info: start req: POST /bike/create{}
2019-11-26 18:41:34 [0] info: body: {
  "body": {
    "name": "City ddddMax",
    "brand": "Devalodn",
    "year": 2017,
    "motorType": "geared",
    "type": "urban"
  }
}
2019-11-26 18:41:34 [0] verbose: body: {
  "cond": {
    "name": false,
    "brand": false,
    "year": false,
    "type": false
  },
  "types": {
    "name": "string",
    "brand": "string",
    "year": "number",
    "type": "string"
  }
}
2019-11-26 18:41:34 [0] verbose: json{
  "json": "[
    {
      \"id\": \"cfc47736-9a27-4dbe-9d65-2055aced6aef\",
      \"name\": \"Audacio 400\",
      \"brand\": \"Lapierre\",
      \"year\": 2014,
      \"type\": \"racing\"
    },
    {
      \"id\": \"87beff15-ba80-4449-b9a3-36f0881a1c22\",
      \"name\": \"S Works\",
      \"brand\": \"Specialized\",
      \"year\": 2019,
      \"type\": \"racing\"
    },
    {
      \"id\": \"7ef8e968-7d5b-4bbb-9779-5abe4de457b6\",
      \"name\": \"Velis\",
      \"brand\": \"Velis\",
      \"year\": 2017,
      \"motorType\": \"directDrive\",
      \"type\": \"trekking\"
    },
    {
      \"id\": \"906bcbb6-8376-49a8-b085-93089b47fa10\",
      \"name\": \"City Max\",
      \"brand\": \"Devalon\",
      \"year\": 2017,
      \"motorType\": \"geared\",
      \"type\": \"urban\"
    },
    {
      \"id\": \"31798a9a-9cfc-4c8e-9953-e557e53e1953\",
      \"name\": \"Brompton\",
      \"brand\": \"Brompton\",
      \"year\": 2018,
      \"type\": \"folding\"
    },
    {
      \"id\": \"01228c19-e4aa-4859-84ce-210a9803148f\",
      \"name\": \"Macina cross 9\",
      \"brand\": \"KTM\",
      \"year\": 2014,
      \"type\": \"midDrive\"
    }
  ]",
  "length": 946
}
2019-11-26 18:41:34 [0] verbose: bike{
  "bike": {
    "name": "City ddddMax",
    "brand": "Devalodn",
    "year": 2017,
    "motorType": "geared",
    "type": "urban",
    "id": "82027869-e0d1-495c-0738-cc1402636f05"
  }
}
2019-11-26 18:41:34 [0] verbose: buffer{
  "buffer": {
    "type": "Buffer",
    "data": [
      44,
      10,
      123,
      10,
      32,
      32,
      34,
      110,
      97,
      109,
      101,
      34,
      58,
      32,
      34,
      67,
      105,
      116,
      121,
      32,
      100,
      100,
      100,
      100,
      77,
      97,
      120,
      34,
      44,
      10,
      32,
      32,
      34,
      98,
      114,
      97,
      110,
      100,
      34,
      58,
      32,
      34,
      68,
      101,
      118,
      97,
      108,
      111,
      100,
      110,
      34,
      44,
      10,
      32,
      32,
      34,
      121,
      101,
      97,
      114,
      34,
      58,
      32,
      50,
      48,
      49,
      55,
      44,
      10,
      32,
      32,
      34,
      109,
      111,
      116,
      111,
      114,
      84,
      121,
      112,
      101,
      34,
      58,
      32,
      34,
      103,
      101,
      97,
      114,
      101,
      100,
      34,
      44,
      10,
      32,
      32,
      34,
      116,
      121,
      112,
      101,
      34,
      58,
      32,
      34,
      117,
      114,
      98,
      97,
      110,
      34,
      44,
      10,
      32,
      32,
      34,
      105,
      100,
      34,
      58,
      32,
      34,
      56,
      50,
      48,
      50,
      55,
      56,
      54,
      57,
      45,
      101,
      48,
      100,
      49,
      45,
      52,
      57,
      53,
      99,
      45,
      48,
      55,
      51,
      56,
      45,
      99,
      99,
      49,
      52,
      48,
      50,
      54,
      51,
      54,
      102,
      48,
      53,
      34,
      10,
      125
    ]
  }
}
2019-11-26 18:41:34 [0] info: POST /bike/create 200 38 - 12.539 ms
{}
2019-11-26 18:45:09 verbose: dev environement{}
2019-11-26 18:45:09 verbose: server started: {
  "port": 3000
}
2019-11-26 18:45:11 [0] info: headers: {
  "headers": {
    "host": "localhost:3000",
    "user-agent": "curl/7.58.0",
    "accept": "*/*",
    "content-type": "application/json",
    "content-length": "114"
  }
}
2019-11-26 18:45:11 [0] info: start req: POST /bike/create{}
2019-11-26 18:45:11 [0] info: body: {
  "body": {
    "name": "City ddddMax",
    "brand": "Devalodn",
    "year": 2017,
    "motorType": "geared",
    "type": "urban"
  }
}
2019-11-26 18:45:11 [0] verbose: body: {
  "cond": {
    "name": false,
    "brand": false,
    "year": false,
    "type": false
  },
  "types": {
    "name": "string",
    "brand": "string",
    "year": "number",
    "type": "string"
  }
}
2019-11-26 18:45:11 [0] info: POST /bike/create 200 38 - 11.946 ms
{}
2019-11-26 18:45:35 verbose: dev environement{}
2019-11-26 18:45:35 verbose: server started: {
  "port": 3000
}
2019-11-26 18:45:37 [0] info: headers: {
  "headers": {
    "host": "localhost:3000",
    "user-agent": "curl/7.58.0",
    "accept": "*/*",
    "content-type": "application/json",
    "content-length": "114"
  }
}
2019-11-26 18:45:37 [0] info: start req: POST /bike/create{}
2019-11-26 18:45:37 [0] info: body: {
  "body": {
    "name": "City ddddMax",
    "brand": "Devalodn",
    "year": 2017,
    "motorType": "geared",
    "type": "urban"
  }
}
2019-11-26 18:45:37 [0] verbose: body: {
  "cond": {
    "name": false,
    "brand": false,
    "year": false,
    "type": false
  },
  "types": {
    "name": "string",
    "brand": "string",
    "year": "number",
    "type": "string"
  }
}
2019-11-26 18:45:37 [0] info: POST /bike/create 200 38 - 10.684 ms
{}
2019-11-26 22:28:48 verbose: dev environement{}
2019-11-26 22:29:43 verbose: dev environement{}
2019-11-26 22:29:46 verbose: dev environement{}
2019-11-26 22:46:50 verbose: dev environement{}
2019-11-26 22:46:50 verbose: server started: {
  "port": 3000
}
2019-11-26 22:47:45 verbose: dev environement{}
2019-11-26 22:47:45 verbose: server started: {
  "port": 3000
}
2019-11-26 22:48:52 verbose: dev environement{}
2019-11-26 22:48:52 verbose: server started: {
  "port": 3000
}
2019-11-26 22:49:18 verbose: dev environement{}
2019-11-26 22:49:18 verbose: server started: {
  "port": 3000
}
2019-11-26 22:52:11 verbose: dev environement{}
2019-11-26 22:58:58 verbose: dev environement{}
2019-11-26 22:59:56 verbose: dev environement{}
2019-11-26 23:00:32 verbose: dev environement{}
2019-11-26 23:00:32 [0] info: headers: {
  "headers": {
    "host": "127.0.0.1:39651",
    "accept-encoding": "gzip, deflate",
    "user-agent": "node-superagent/3.8.3",
    "connection": "close"
  }
}
2019-11-26 23:00:32 [0] info: start req: GET /bike/readAll{}
2019-11-26 23:00:32 [0] info: GET /bike/readAll 200 717 - 8.683 ms
{}
2019-11-26 23:00:55 verbose: dev environement{}
2019-11-26 23:00:55 [0] info: headers: {
  "headers": {
    "host": "127.0.0.1:37171",
    "accept-encoding": "gzip, deflate",
    "user-agent": "node-superagent/3.8.3",
    "connection": "close"
  }
}
2019-11-26 23:00:55 [0] info: start req: GET /bike/readAll{}
2019-11-26 23:00:55 [0] info: GET /bike/readAll 200 717 - 4.903 ms
{}
2019-11-26 23:01:08 verbose: dev environement{}
2019-11-26 23:01:08 [0] info: headers: {
  "headers": {
    "host": "127.0.0.1:36373",
    "accept-encoding": "gzip, deflate",
    "user-agent": "node-superagent/3.8.3",
    "connection": "close"
  }
}
2019-11-26 23:01:08 [0] info: start req: GET /bike/readAll{}
2019-11-26 23:01:08 [0] info: GET /bike/readAll 200 717 - 6.785 ms
{}
2019-11-26 23:03:00 verbose: dev environement{}
2019-11-26 23:03:00 [0] info: headers: {
  "headers": {
    "host": "127.0.0.1:41931",
    "accept-encoding": "gzip, deflate",
    "user-agent": "node-superagent/3.8.3",
    "connection": "close"
  }
}
2019-11-26 23:03:00 [0] info: start req: GET /bike/readAll{}
2019-11-26 23:03:00 [0] info: GET /bike/readAll 200 717 - 6.228 ms
{}
2019-11-26 23:03:11 verbose: dev environement{}
2019-11-26 23:03:11 [0] info: headers: {
  "headers": {
    "host": "127.0.0.1:39903",
    "accept-encoding": "gzip, deflate",
    "user-agent": "node-superagent/3.8.3",
    "connection": "close"
  }
}
2019-11-26 23:03:11 [0] info: start req: GET /bike/readAll{}
2019-11-26 23:03:11 [0] info: GET /bike/readAll 200 717 - 10.232 ms
{}
2019-11-26 23:03:38 verbose: dev environement{}
2019-11-26 23:03:38 [0] info: headers: {
  "headers": {
    "host": "127.0.0.1:41555",
    "accept-encoding": "gzip, deflate",
    "user-agent": "node-superagent/3.8.3",
    "connection": "close"
  }
}
2019-11-26 23:03:38 [0] info: start req: GET /bike/readAll{}
2019-11-26 23:03:38 [0] info: GET /bike/readAll 200 717 - 5.177 ms
{}
2019-11-26 23:03:52 verbose: dev environement{}
2019-11-26 23:03:52 [0] info: headers: {
  "headers": {
    "host": "127.0.0.1:33363",
    "accept-encoding": "gzip, deflate",
    "user-agent": "node-superagent/3.8.3",
    "connection": "close"
  }
}
2019-11-26 23:03:52 [0] info: start req: GET /bike/readAll{}
2019-11-26 23:03:52 [0] info: GET /bike/readAll 200 717 - 6.089 ms
{}
2019-11-26 23:04:18 verbose: dev environement{}
2019-11-26 23:04:18 [0] info: headers: {
  "headers": {
    "host": "127.0.0.1:43133",
    "accept-encoding": "gzip, deflate",
    "user-agent": "node-superagent/3.8.3",
    "connection": "close"
  }
}
2019-11-26 23:04:18 [0] info: start req: GET /bike/readAll{}
2019-11-26 23:04:18 [0] info: GET /bike/readAll 200 717 - 6.629 ms
{}
2019-11-26 23:04:25 verbose: dev environement{}
2019-11-26 23:04:25 [0] info: headers: {
  "headers": {
    "host": "127.0.0.1:46595",
    "accept-encoding": "gzip, deflate",
    "user-agent": "node-superagent/3.8.3",
    "connection": "close"
  }
}
2019-11-26 23:04:25 [0] info: start req: GET /bike/readAll{}
2019-11-26 23:04:25 [0] info: GET /bike/readAll 200 717 - 4.782 ms
{}
2019-11-26 23:06:54 verbose: dev environement{}
2019-11-26 23:06:54 [0] info: headers: {
  "headers": {
    "host": "127.0.0.1:44521",
    "accept-encoding": "gzip, deflate",
    "user-agent": "node-superagent/3.8.3",
    "connection": "close"
  }
}
2019-11-26 23:06:54 [0] info: start req: GET /bike/readAll{}
2019-11-26 23:06:54 [0] info: GET /bike/readAll 200 717 - 4.672 ms
{}
2019-11-26 23:07:27 verbose: dev environement{}
2019-11-26 23:07:27 [0] info: headers: {
  "headers": {
    "host": "127.0.0.1:38101",
    "accept-encoding": "gzip, deflate",
    "user-agent": "node-superagent/3.8.3",
    "connection": "close"
  }
}
2019-11-26 23:07:27 [0] info: start req: GET /bike/readAll{}
2019-11-26 23:07:27 [0] info: GET /bike/readAll 200 717 - 4.622 ms
{}
2019-11-26 23:08:40 verbose: dev environement{}
2019-11-26 23:08:40 [0] info: headers: {
  "headers": {
    "host": "127.0.0.1:34253",
    "accept-encoding": "gzip, deflate",
    "user-agent": "node-superagent/3.8.3",
    "connection": "close"
  }
}
2019-11-26 23:08:40 [0] info: start req: GET /bike/readAll{}
2019-11-26 23:08:40 [0] info: GET /bike/readAll 200 717 - 4.629 ms
{}
2019-11-26 23:08:52 verbose: dev environement{}
2019-11-26 23:08:52 [0] info: headers: {
  "headers": {
    "host": "127.0.0.1:35093",
    "accept-encoding": "gzip, deflate",
    "user-agent": "node-superagent/3.8.3",
    "connection": "close"
  }
}
2019-11-26 23:08:52 [0] info: start req: GET /bike/readAll{}
2019-11-26 23:08:52 [0] info: GET /bike/readAll 200 717 - 4.600 ms
{}
2019-11-26 23:09:12 verbose: dev environement{}
2019-11-26 23:09:13 [0] info: headers: {
  "headers": {
    "host": "127.0.0.1:46429",
    "accept-encoding": "gzip, deflate",
    "user-agent": "node-superagent/3.8.3",
    "connection": "close"
  }
}
2019-11-26 23:09:13 [0] info: start req: GET /bike/readAll{}
2019-11-26 23:09:13 [0] info: GET /bike/readAll 200 717 - 6.785 ms
{}
2019-11-26 23:09:17 verbose: dev environement{}
2019-11-26 23:09:17 [0] info: headers: {
  "headers": {
    "host": "127.0.0.1:39123",
    "accept-encoding": "gzip, deflate",
    "user-agent": "node-superagent/3.8.3",
    "connection": "close"
  }
}
2019-11-26 23:09:17 [0] info: start req: GET /bike/readAll{}
2019-11-26 23:09:17 [0] info: GET /bike/readAll 200 717 - 9.544 ms
{}
2019-11-26 23:09:33 verbose: dev environement{}
2019-11-26 23:09:33 [0] info: headers: {
  "headers": {
    "host": "127.0.0.1:34561",
    "accept-encoding": "gzip, deflate",
    "user-agent": "node-superagent/3.8.3",
    "connection": "close"
  }
}
2019-11-26 23:09:33 [0] info: start req: GET /bike/readAll{}
2019-11-26 23:09:33 [0] info: GET /bike/readAll 200 717 - 4.725 ms
{}
2019-11-26 23:09:46 verbose: dev environement{}
2019-11-26 23:09:46 [0] info: headers: {
  "headers": {
    "host": "127.0.0.1:40209",
    "accept-encoding": "gzip, deflate",
    "user-agent": "node-superagent/3.8.3",
    "connection": "close"
  }
}
2019-11-26 23:09:46 [0] info: start req: GET /bike/readAll{}
2019-11-26 23:09:46 [0] info: GET /bike/readAll 200 717 - 4.836 ms
{}
2019-11-26 23:10:50 verbose: dev environement{}
2019-11-26 23:10:50 [0] info: headers: {
  "headers": {
    "host": "127.0.0.1:36839",
    "accept-encoding": "gzip, deflate",
    "user-agent": "node-superagent/3.8.3",
    "connection": "close"
  }
}
2019-11-26 23:10:50 [0] info: start req: GET /bike/readAll{}
2019-11-26 23:10:50 [0] info: GET /bike/readAll 200 717 - 4.917 ms
{}
2019-11-26 23:10:50 [1] info: headers: {
  "headers": {
    "host": "127.0.0.1:35731",
    "accept-encoding": "gzip, deflate",
    "user-agent": "node-superagent/3.8.3",
    "connection": "close"
  }
}
2019-11-26 23:10:50 [1] info: start req: GET /bike/read/7ef8e968-7d5b-4bbb-9779-5abe4de457b6{}
2019-11-26 23:10:50 [1] info: GET /bike/read/7ef8e968-7d5b-4bbb-9779-5abe4de457b6 200 132 - 1.493 ms
{}
2019-11-26 23:11:02 verbose: dev environement{}
2019-11-26 23:11:02 [0] info: headers: {
  "headers": {
    "host": "127.0.0.1:44389",
    "accept-encoding": "gzip, deflate",
    "user-agent": "node-superagent/3.8.3",
    "connection": "close"
  }
}
2019-11-26 23:11:02 [0] info: start req: GET /bike/readAll{}
2019-11-26 23:11:02 [0] info: GET /bike/readAll 200 717 - 4.779 ms
{}
2019-11-26 23:11:02 [1] info: headers: {
  "headers": {
    "host": "127.0.0.1:39875",
    "accept-encoding": "gzip, deflate",
    "user-agent": "node-superagent/3.8.3",
    "connection": "close"
  }
}
2019-11-26 23:11:02 [1] info: start req: GET /bike/read/7ef8e968-7d5b-4bbb-9779-5abe4de457b6{}
2019-11-26 23:11:02 [1] info: GET /bike/read/7ef8e968-7d5b-4bbb-9779-5abe4de457b6 200 132 - 1.374 ms
{}
2019-11-26 23:11:35 verbose: dev environement{}
2019-11-26 23:11:35 [0] info: headers: {
  "headers": {
    "host": "127.0.0.1:35561",
    "accept-encoding": "gzip, deflate",
    "user-agent": "node-superagent/3.8.3",
    "connection": "close"
  }
}
2019-11-26 23:11:35 [0] info: start req: GET /bike/readAll{}
2019-11-26 23:11:35 [0] info: GET /bike/readAll 200 717 - 4.893 ms
{}
2019-11-26 23:11:35 [1] info: headers: {
  "headers": {
    "host": "127.0.0.1:43331",
    "accept-encoding": "gzip, deflate",
    "user-agent": "node-superagent/3.8.3",
    "connection": "close"
  }
}
2019-11-26 23:11:35 [1] info: start req: GET /bike/read/7ef8e968-7d5b-4bbb-9779-5abe4de457b6{}
2019-11-26 23:11:35 [1] info: GET /bike/read/7ef8e968-7d5b-4bbb-9779-5abe4de457b6 200 132 - 1.694 ms
{}
2019-11-26 23:12:37 verbose: dev environement{}
2019-11-26 23:12:37 [0] info: headers: {
  "headers": {
    "host": "127.0.0.1:43253",
    "accept-encoding": "gzip, deflate",
    "user-agent": "node-superagent/3.8.3",
    "connection": "close"
  }
}
2019-11-26 23:12:37 [0] info: start req: GET /bike/readAll{}
2019-11-26 23:12:37 [0] info: GET /bike/readAll 200 717 - 5.857 ms
{}
2019-11-26 23:12:37 [1] info: headers: {
  "headers": {
    "host": "127.0.0.1:32871",
    "accept-encoding": "gzip, deflate",
    "user-agent": "node-superagent/3.8.3",
    "connection": "close"
  }
}
2019-11-26 23:12:37 [1] info: start req: GET /bike/read/7ef8e968-7d5b-4bbb-9779-5abe4de457b6{}
2019-11-26 23:12:37 [1] info: GET /bike/read/7ef8e968-7d5b-4bbb-9779-5abe4de457b6 200 132 - 2.089 ms
{}
2019-11-26 23:12:51 verbose: dev environement{}
2019-11-26 23:12:51 [0] info: headers: {
  "headers": {
    "host": "127.0.0.1:39285",
    "accept-encoding": "gzip, deflate",
    "user-agent": "node-superagent/3.8.3",
    "connection": "close"
  }
}
2019-11-26 23:12:51 [0] info: start req: GET /bike/readAll{}
2019-11-26 23:12:51 [0] info: GET /bike/readAll 200 717 - 5.358 ms
{}
2019-11-26 23:12:51 [1] info: headers: {
  "headers": {
    "host": "127.0.0.1:41921",
    "accept-encoding": "gzip, deflate",
    "user-agent": "node-superagent/3.8.3",
    "connection": "close"
  }
}
2019-11-26 23:12:51 [1] info: start req: GET /bike/read/7ef8e968-7d5b-4bbb-9779-5abe4de457b6{}
2019-11-26 23:12:51 [1] info: GET /bike/read/7ef8e968-7d5b-4bbb-9779-5abe4de457b6 200 132 - 1.360 ms
{}
2019-11-26 23:22:43 verbose: dev environement{}
2019-11-26 23:22:43 [0] info: headers: {
  "headers": {
    "host": "127.0.0.1:38361",
    "accept-encoding": "gzip, deflate",
    "user-agent": "node-superagent/3.8.3",
    "connection": "close"
  }
}
2019-11-26 23:22:43 [0] info: start req: GET /bike/readAll{}
2019-11-26 23:22:43 [0] info: GET /bike/readAll 200 717 - 4.807 ms
{}
2019-11-26 23:22:43 [1] info: headers: {
  "headers": {
    "host": "127.0.0.1:33789",
    "accept-encoding": "gzip, deflate",
    "user-agent": "node-superagent/3.8.3",
    "connection": "close"
  }
}
2019-11-26 23:22:43 [1] info: start req: GET /bike/read/7ef8e968-7d5b-4bbb-9779-5abe4de457b6{}
2019-11-26 23:22:43 [1] info: GET /bike/read/7ef8e968-7d5b-4bbb-9779-5abe4de457b6 200 132 - 1.330 ms
{}
2019-11-26 23:22:48 verbose: dev environement{}
2019-11-26 23:22:49 [0] info: headers: {
  "headers": {
    "host": "127.0.0.1:33443",
    "accept-encoding": "gzip, deflate",
    "user-agent": "node-superagent/3.8.3",
    "connection": "close"
  }
}
2019-11-26 23:22:49 [0] info: start req: GET /bike/readAll{}
2019-11-26 23:22:49 [0] info: GET /bike/readAll 200 717 - 5.180 ms
{}
2019-11-26 23:22:49 [1] info: headers: {
  "headers": {
    "host": "127.0.0.1:42023",
    "accept-encoding": "gzip, deflate",
    "user-agent": "node-superagent/3.8.3",
    "connection": "close"
  }
}
2019-11-26 23:22:49 [1] info: start req: GET /bike/read/7ef8e968-7d5b-4bbb-9779-5abe4de457b6{}
2019-11-26 23:22:49 [1] info: GET /bike/read/7ef8e968-7d5b-4bbb-9779-5abe4de457b6 200 132 - 1.729 ms
{}
2019-11-26 23:22:56 verbose: dev environement{}
2019-11-26 23:22:56 [0] info: headers: {
  "headers": {
    "host": "127.0.0.1:44621",
    "accept-encoding": "gzip, deflate",
    "user-agent": "node-superagent/3.8.3",
    "connection": "close"
  }
}
2019-11-26 23:22:56 [0] info: start req: GET /bike/readAll{}
2019-11-26 23:22:56 [0] info: GET /bike/readAll 200 717 - 4.727 ms
{}
2019-11-26 23:22:56 [1] info: headers: {
  "headers": {
    "host": "127.0.0.1:37335",
    "accept-encoding": "gzip, deflate",
    "user-agent": "node-superagent/3.8.3",
    "connection": "close"
  }
}
2019-11-26 23:22:56 [1] info: start req: GET /bike/read/7ef8e968-7d5b-4bbb-9779-5abe4de457b6{}
2019-11-26 23:22:56 [1] info: GET /bike/read/7ef8e968-7d5b-4bbb-9779-5abe4de457b6 200 132 - 1.277 ms
{}
