2019-11-26 18:05:35 [0] error: POST /create 404 1212 - 318.254 ms
{}
2019-11-26 18:06:28 [1] error: error creating new bike{
  "_error": "bike parameters requirements are not met"
}
2019-11-26 18:06:28 [1] error: POST /bike/create 400 - - 2.469 ms
{}
2019-11-26 18:07:38 [0] error: error creating new bike{
  "_error": "bike parameters requirements are not met"
}
2019-11-26 18:07:38 [0] error: POST /bike/create 400 - - 9.684 ms
{}
2019-11-26 18:08:30 [0] error: error creating new bike{
  "_error": {
    "message": "name is not defined",
    "stack": "ReferenceError: name is not defined
      at create (/home/anthony/workspace/perso/bike/nodejs/modules/queries.js:26:16)
      at Layer.handle [as handle_request] (/home/anthony/workspace/perso/bike/nodejs/node_modules/express/lib/router/layer.js:95:5)
      at next (/home/anthony/workspace/perso/bike/nodejs/node_modules/express/lib/router/route.js:137:13)
      at Route.dispatch (/home/anthony/workspace/perso/bike/nodejs/node_modules/express/lib/router/route.js:112:3)
      at Layer.handle [as handle_request] (/home/anthony/workspace/perso/bike/nodejs/node_modules/express/lib/router/layer.js:95:5)
      at /home/anthony/workspace/perso/bike/nodejs/node_modules/express/lib/router/index.js:281:22
      at Function.process_params (/home/anthony/workspace/perso/bike/nodejs/node_modules/express/lib/router/index.js:335:12)
      at next (/home/anthony/workspace/perso/bike/nodejs/node_modules/express/lib/router/index.js:275:10)
      at Function.handle (/home/anthony/workspace/perso/bike/nodejs/node_modules/express/lib/router/index.js:174:3)
      at router (/home/anthony/workspace/perso/bike/nodejs/node_modules/express/lib/router/index.js:47:12)"
  }
}
2019-11-26 18:08:30 [0] error: POST /bike/create 400 - - 18.933 ms
{}
2019-11-26 18:08:48 [0] error: error creating new bike{
  "_error": "bike parameters requirements are not met"
}
2019-11-26 18:08:48 [0] error: POST /bike/create 400 - - 9.532 ms
{}
2019-11-26 18:09:29 [0] error: error creating new bike{
  "_error": "bike already exists in the database"
}
2019-11-26 18:09:29 [0] error: POST /bike/create 400 - - 10.292 ms
{}
2019-11-26 18:13:00 [1] error: error creating new bike{
  "_error": {
    "message": "window is not defined",
    "stack": "ReferenceError: window is not defined
      at generateUUID (/home/anthony/workspace/perso/bike/nodejs/config/functions.js:3:3)
      at create (/home/anthony/workspace/perso/bike/nodejs/modules/queries.js:57:15)
      at Layer.handle [as handle_request] (/home/anthony/workspace/perso/bike/nodejs/node_modules/express/lib/router/layer.js:95:5)
      at next (/home/anthony/workspace/perso/bike/nodejs/node_modules/express/lib/router/route.js:137:13)
      at Route.dispatch (/home/anthony/workspace/perso/bike/nodejs/node_modules/express/lib/router/route.js:112:3)
      at Layer.handle [as handle_request] (/home/anthony/workspace/perso/bike/nodejs/node_modules/express/lib/router/layer.js:95:5)
      at /home/anthony/workspace/perso/bike/nodejs/node_modules/express/lib/router/index.js:281:22
      at Function.process_params (/home/anthony/workspace/perso/bike/nodejs/node_modules/express/lib/router/index.js:335:12)
      at next (/home/anthony/workspace/perso/bike/nodejs/node_modules/express/lib/router/index.js:275:10)
      at Function.handle (/home/anthony/workspace/perso/bike/nodejs/node_modules/express/lib/router/index.js:174:3)"
  }
}
2019-11-26 18:13:00 [1] error: POST /bike/create 400 - - 4.689 ms
{}
2019-11-26 18:13:28 [0] error: error creating new bike{
  "_error": {
    "message": "performance is not defined",
    "stack": "ReferenceError: performance is not defined
      at generateUUID (/home/anthony/workspace/perso/bike/nodejs/config/functions.js:4:13)
      at create (/home/anthony/workspace/perso/bike/nodejs/modules/queries.js:58:15)
      at Layer.handle [as handle_request] (/home/anthony/workspace/perso/bike/nodejs/node_modules/express/lib/router/layer.js:95:5)
      at next (/home/anthony/workspace/perso/bike/nodejs/node_modules/express/lib/router/route.js:137:13)
      at Route.dispatch (/home/anthony/workspace/perso/bike/nodejs/node_modules/express/lib/router/route.js:112:3)
      at Layer.handle [as handle_request] (/home/anthony/workspace/perso/bike/nodejs/node_modules/express/lib/router/layer.js:95:5)
      at /home/anthony/workspace/perso/bike/nodejs/node_modules/express/lib/router/index.js:281:22
      at Function.process_params (/home/anthony/workspace/perso/bike/nodejs/node_modules/express/lib/router/index.js:335:12)
      at next (/home/anthony/workspace/perso/bike/nodejs/node_modules/express/lib/router/index.js:275:10)
      at Function.handle (/home/anthony/workspace/perso/bike/nodejs/node_modules/express/lib/router/index.js:174:3)"
  }
}
2019-11-26 18:13:28 [0] error: POST /bike/create 400 - - 9.546 ms
{}
2019-11-26 18:36:07 [1] error: error creating new bike{
  "_error": {
    "message": "Unexpected token , in JSON at position 0",
    "stack": "SyntaxError: Unexpected token , in JSON at position 0
      at JSON.parse (<anonymous>)
      at create (/home/anthony/workspace/perso/bike/nodejs/modules/queries.js:49:21)
      at Layer.handle [as handle_request] (/home/anthony/workspace/perso/bike/nodejs/node_modules/express/lib/router/layer.js:95:5)
      at next (/home/anthony/workspace/perso/bike/nodejs/node_modules/express/lib/router/route.js:137:13)
      at Route.dispatch (/home/anthony/workspace/perso/bike/nodejs/node_modules/express/lib/router/route.js:112:3)
      at Layer.handle [as handle_request] (/home/anthony/workspace/perso/bike/nodejs/node_modules/express/lib/router/layer.js:95:5)
      at /home/anthony/workspace/perso/bike/nodejs/node_modules/express/lib/router/index.js:281:22
      at Function.process_params (/home/anthony/workspace/perso/bike/nodejs/node_modules/express/lib/router/index.js:335:12)
      at next (/home/anthony/workspace/perso/bike/nodejs/node_modules/express/lib/router/index.js:275:10)
      at Function.handle (/home/anthony/workspace/perso/bike/nodejs/node_modules/express/lib/router/index.js:174:3)"
  }
}
2019-11-26 18:36:07 [1] error: POST /bike/create 400 - - 3.196 ms
{}
2019-11-26 18:38:41 [1] error: error creating new bike{
  "_error": {
    "message": "Unexpected token , in JSON at position 0",
    "stack": "SyntaxError: Unexpected token , in JSON at position 0
      at JSON.parse (<anonymous>)
      at create (/home/anthony/workspace/perso/bike/nodejs/modules/queries.js:49:21)
      at Layer.handle [as handle_request] (/home/anthony/workspace/perso/bike/nodejs/node_modules/express/lib/router/layer.js:95:5)
      at next (/home/anthony/workspace/perso/bike/nodejs/node_modules/express/lib/router/route.js:137:13)
      at Route.dispatch (/home/anthony/workspace/perso/bike/nodejs/node_modules/express/lib/router/route.js:112:3)
      at Layer.handle [as handle_request] (/home/anthony/workspace/perso/bike/nodejs/node_modules/express/lib/router/layer.js:95:5)
      at /home/anthony/workspace/perso/bike/nodejs/node_modules/express/lib/router/index.js:281:22
      at Function.process_params (/home/anthony/workspace/perso/bike/nodejs/node_modules/express/lib/router/index.js:335:12)
      at next (/home/anthony/workspace/perso/bike/nodejs/node_modules/express/lib/router/index.js:275:10)
      at Function.handle (/home/anthony/workspace/perso/bike/nodejs/node_modules/express/lib/router/index.js:174:3)"
  }
}
2019-11-26 18:38:41 [1] error: POST /bike/create 400 - - 2.481 ms
{}
2019-11-26 18:38:46 [2] error: error creating new bike{
  "_error": {
    "message": "Unexpected token , in JSON at position 0",
    "stack": "SyntaxError: Unexpected token , in JSON at position 0
      at JSON.parse (<anonymous>)
      at create (/home/anthony/workspace/perso/bike/nodejs/modules/queries.js:49:21)
      at Layer.handle [as handle_request] (/home/anthony/workspace/perso/bike/nodejs/node_modules/express/lib/router/layer.js:95:5)
      at next (/home/anthony/workspace/perso/bike/nodejs/node_modules/express/lib/router/route.js:137:13)
      at Route.dispatch (/home/anthony/workspace/perso/bike/nodejs/node_modules/express/lib/router/route.js:112:3)
      at Layer.handle [as handle_request] (/home/anthony/workspace/perso/bike/nodejs/node_modules/express/lib/router/layer.js:95:5)
      at /home/anthony/workspace/perso/bike/nodejs/node_modules/express/lib/router/index.js:281:22
      at Function.process_params (/home/anthony/workspace/perso/bike/nodejs/node_modules/express/lib/router/index.js:335:12)
      at next (/home/anthony/workspace/perso/bike/nodejs/node_modules/express/lib/router/index.js:275:10)
      at Function.handle (/home/anthony/workspace/perso/bike/nodejs/node_modules/express/lib/router/index.js:174:3)"
  }
}
2019-11-26 18:38:46 [2] error: POST /bike/create 400 - - 2.376 ms
{}
2019-11-26 18:39:32 error: POST /bike/create 400 957 - 327.174 ms
{}
2019-11-26 18:39:44 error: POST /bike/create 400 957 - 172.203 ms
{}
2019-11-26 18:40:09 [1] error: error creating new bike{
  "_error": {
    "message": "Unexpected token , in JSON at position 0",
    "stack": "SyntaxError: Unexpected token , in JSON at position 0
      at JSON.parse (<anonymous>)
      at create (/home/anthony/workspace/perso/bike/nodejs/modules/queries.js:49:21)
      at Layer.handle [as handle_request] (/home/anthony/workspace/perso/bike/nodejs/node_modules/express/lib/router/layer.js:95:5)
      at next (/home/anthony/workspace/perso/bike/nodejs/node_modules/express/lib/router/route.js:137:13)
      at Route.dispatch (/home/anthony/workspace/perso/bike/nodejs/node_modules/express/lib/router/route.js:112:3)
      at Layer.handle [as handle_request] (/home/anthony/workspace/perso/bike/nodejs/node_modules/express/lib/router/layer.js:95:5)
      at /home/anthony/workspace/perso/bike/nodejs/node_modules/express/lib/router/index.js:281:22
      at Function.process_params (/home/anthony/workspace/perso/bike/nodejs/node_modules/express/lib/router/index.js:335:12)
      at next (/home/anthony/workspace/perso/bike/nodejs/node_modules/express/lib/router/index.js:275:10)
      at Function.handle (/home/anthony/workspace/perso/bike/nodejs/node_modules/express/lib/router/index.js:174:3)"
  }
}
2019-11-26 18:40:09 [1] error: POST /bike/create 400 - - 2.049 ms
{}
