2019-11-27 14:22:01 [1] error: bike doesn't exist{
  "_error": "bike doesn't exist"
}
2019-11-27 14:22:01 [1] error: GET /bike/read/[object%20Object] 404 - - 2.135 ms
{}
2019-11-27 21:46:18 [3] error: error creating new bike{
  "_error": {
    "error": 0,
    "message": "bike parameters requirements are not met"
  }
}
2019-11-27 21:46:18 [3] error: POST /bike/create 400 73 - 1.395 ms
{}
2019-11-27 21:47:55 [3] error: error creating new bike{
  "_error": {
    "error": 0,
    "message": "bike parameters requirements are not met"
  }
}
2019-11-27 21:47:55 [3] error: POST /bike/create 400 75 - 1.375 ms
{}
2019-11-27 21:48:58 [3] error: error creating new bike{
  "_error": {
    "error": 0,
    "message": "bike parameters requirements are not met"
  }
}
2019-11-27 21:48:58 [3] error: POST /bike/create 400 75 - 1.362 ms
{}
2019-11-27 21:58:51 [3] error: error creating new bike{
  "_error": {
    "error": 0,
    "message": "bike parameters requirements are not met"
  }
}
2019-11-27 21:58:51 [3] error: POST /bike/create 400 75 - 1.539 ms
{}
2019-11-27 21:58:51 [4] error: error creating new bike{
  "_error": {
    "error": 0,
    "message": "bike parameters requirements are not met"
  }
}
2019-11-27 21:58:51 [4] error: POST /bike/create 400 75 - 1.229 ms
{}
2019-11-27 21:59:23 [3] error: error creating new bike{
  "_error": {
    "error": 0,
    "message": "bike parameters requirements are not met"
  }
}
2019-11-27 21:59:23 [3] error: POST /bike/create 400 75 - 1.337 ms
{}
2019-11-27 21:59:23 [4] error: error creating new bike{
  "_error": {
    "error": 0,
    "message": "bike parameters requirements are not met"
  }
}
2019-11-27 21:59:23 [4] error: POST /bike/create 400 75 - 1.228 ms
{}
