2019-11-26 18:05:34 [0] info: headers: {
  "headers": {
    "host": "localhost:3000",
    "user-agent": "curl/7.58.0",
    "accept": "*/*",
    "content-type": "application/json",
    "content-length": "109"
  }
}
2019-11-26 18:05:34 [0] info: start req: POST /create{}
2019-11-26 18:05:34 [0] info: body: {
  "body": {
    "name": "City Max",
    "brand": "Devalon",
    "year": 2017,
    "motorType": "geared",
    "type": "urban"
  }
}
2019-11-26 18:05:35 [0] error: POST /create 404 1212 - 318.254 ms
{}
2019-11-26 18:06:28 [1] info: headers: {
  "headers": {
    "host": "localhost:3000",
    "user-agent": "curl/7.58.0",
    "accept": "*/*",
    "content-type": "application/json",
    "content-length": "109"
  }
}
2019-11-26 18:06:28 [1] info: start req: POST /bike/create{}
2019-11-26 18:06:28 [1] info: body: {
  "body": {
    "name": "City Max",
    "brand": "Devalon",
    "year": 2017,
    "motorType": "geared",
    "type": "urban"
  }
}
2019-11-26 18:06:28 [1] error: error creating new bike{
  "_error": "bike parameters requirements are not met"
}
2019-11-26 18:06:28 [1] error: POST /bike/create 400 - - 2.469 ms
{}
2019-11-26 18:07:38 [0] info: headers: {
  "headers": {
    "host": "localhost:3000",
    "user-agent": "curl/7.58.0",
    "accept": "*/*",
    "content-type": "application/json",
    "content-length": "109"
  }
}
2019-11-26 18:07:38 [0] info: start req: POST /bike/create{}
2019-11-26 18:07:38 [0] info: body: {
  "body": {
    "name": "City Max",
    "brand": "Devalon",
    "year": 2017,
    "motorType": "geared",
    "type": "urban"
  }
}
2019-11-26 18:07:38 [0] error: error creating new bike{
  "_error": "bike parameters requirements are not met"
}
2019-11-26 18:07:38 [0] error: POST /bike/create 400 - - 9.684 ms
{}
2019-11-26 18:08:30 [0] info: headers: {
  "headers": {
    "host": "localhost:3000",
    "user-agent": "curl/7.58.0",
    "accept": "*/*",
    "content-type": "application/json",
    "content-length": "109"
  }
}
2019-11-26 18:08:30 [0] info: start req: POST /bike/create{}
2019-11-26 18:08:30 [0] info: body: {
  "body": {
    "name": "City Max",
    "brand": "Devalon",
    "year": 2017,
    "motorType": "geared",
    "type": "urban"
  }
}
2019-11-26 18:08:30 [0] error: error creating new bike{
  "_error": {
    "message": "name is not defined",
    "stack": "ReferenceError: name is not defined
      at create (/home/anthony/workspace/perso/bike/nodejs/modules/queries.js:26:16)
      at Layer.handle [as handle_request] (/home/anthony/workspace/perso/bike/nodejs/node_modules/express/lib/router/layer.js:95:5)
      at next (/home/anthony/workspace/perso/bike/nodejs/node_modules/express/lib/router/route.js:137:13)
      at Route.dispatch (/home/anthony/workspace/perso/bike/nodejs/node_modules/express/lib/router/route.js:112:3)
      at Layer.handle [as handle_request] (/home/anthony/workspace/perso/bike/nodejs/node_modules/express/lib/router/layer.js:95:5)
      at /home/anthony/workspace/perso/bike/nodejs/node_modules/express/lib/router/index.js:281:22
      at Function.process_params (/home/anthony/workspace/perso/bike/nodejs/node_modules/express/lib/router/index.js:335:12)
      at next (/home/anthony/workspace/perso/bike/nodejs/node_modules/express/lib/router/index.js:275:10)
      at Function.handle (/home/anthony/workspace/perso/bike/nodejs/node_modules/express/lib/router/index.js:174:3)
      at router (/home/anthony/workspace/perso/bike/nodejs/node_modules/express/lib/router/index.js:47:12)"
  }
}
2019-11-26 18:08:30 [0] error: POST /bike/create 400 - - 18.933 ms
{}
2019-11-26 18:08:48 [0] info: headers: {
  "headers": {
    "host": "localhost:3000",
    "user-agent": "curl/7.58.0",
    "accept": "*/*",
    "content-type": "application/json",
    "content-length": "109"
  }
}
2019-11-26 18:08:48 [0] info: start req: POST /bike/create{}
2019-11-26 18:08:48 [0] info: body: {
  "body": {
    "name": "City Max",
    "brand": "Devalon",
    "year": 2017,
    "motorType": "geared",
    "type": "urban"
  }
}
2019-11-26 18:08:48 [0] error: error creating new bike{
  "_error": "bike parameters requirements are not met"
}
2019-11-26 18:08:48 [0] error: POST /bike/create 400 - - 9.532 ms
{}
2019-11-26 18:09:29 [0] info: headers: {
  "headers": {
    "host": "localhost:3000",
    "user-agent": "curl/7.58.0",
    "accept": "*/*",
    "content-type": "application/json",
    "content-length": "109"
  }
}
2019-11-26 18:09:29 [0] info: start req: POST /bike/create{}
2019-11-26 18:09:29 [0] info: body: {
  "body": {
    "name": "City Max",
    "brand": "Devalon",
    "year": 2017,
    "motorType": "geared",
    "type": "urban"
  }
}
2019-11-26 18:09:29 [0] error: error creating new bike{
  "_error": "bike already exists in the database"
}
2019-11-26 18:09:29 [0] error: POST /bike/create 400 - - 10.292 ms
{}
2019-11-26 18:13:00 [1] info: headers: {
  "headers": {
    "host": "localhost:3000",
    "user-agent": "curl/7.58.0",
    "accept": "*/*",
    "content-type": "application/json",
    "content-length": "110"
  }
}
2019-11-26 18:13:00 [1] info: start req: POST /bike/create{}
2019-11-26 18:13:00 [1] info: body: {
  "body": {
    "name": "City Max",
    "brand": "Devalodn",
    "year": 2017,
    "motorType": "geared",
    "type": "urban"
  }
}
2019-11-26 18:13:00 [1] error: error creating new bike{
  "_error": {
    "message": "window is not defined",
    "stack": "ReferenceError: window is not defined
      at generateUUID (/home/anthony/workspace/perso/bike/nodejs/config/functions.js:3:3)
      at create (/home/anthony/workspace/perso/bike/nodejs/modules/queries.js:57:15)
      at Layer.handle [as handle_request] (/home/anthony/workspace/perso/bike/nodejs/node_modules/express/lib/router/layer.js:95:5)
      at next (/home/anthony/workspace/perso/bike/nodejs/node_modules/express/lib/router/route.js:137:13)
      at Route.dispatch (/home/anthony/workspace/perso/bike/nodejs/node_modules/express/lib/router/route.js:112:3)
      at Layer.handle [as handle_request] (/home/anthony/workspace/perso/bike/nodejs/node_modules/express/lib/router/layer.js:95:5)
      at /home/anthony/workspace/perso/bike/nodejs/node_modules/express/lib/router/index.js:281:22
      at Function.process_params (/home/anthony/workspace/perso/bike/nodejs/node_modules/express/lib/router/index.js:335:12)
      at next (/home/anthony/workspace/perso/bike/nodejs/node_modules/express/lib/router/index.js:275:10)
      at Function.handle (/home/anthony/workspace/perso/bike/nodejs/node_modules/express/lib/router/index.js:174:3)"
  }
}
2019-11-26 18:13:00 [1] error: POST /bike/create 400 - - 4.689 ms
{}
2019-11-26 18:13:28 [0] info: headers: {
  "headers": {
    "host": "localhost:3000",
    "user-agent": "curl/7.58.0",
    "accept": "*/*",
    "content-type": "application/json",
    "content-length": "110"
  }
}
2019-11-26 18:13:28 [0] info: start req: POST /bike/create{}
2019-11-26 18:13:28 [0] info: body: {
  "body": {
    "name": "City Max",
    "brand": "Devalodn",
    "year": 2017,
    "motorType": "geared",
    "type": "urban"
  }
}
2019-11-26 18:13:28 [0] error: error creating new bike{
  "_error": {
    "message": "performance is not defined",
    "stack": "ReferenceError: performance is not defined
      at generateUUID (/home/anthony/workspace/perso/bike/nodejs/config/functions.js:4:13)
      at create (/home/anthony/workspace/perso/bike/nodejs/modules/queries.js:58:15)
      at Layer.handle [as handle_request] (/home/anthony/workspace/perso/bike/nodejs/node_modules/express/lib/router/layer.js:95:5)
      at next (/home/anthony/workspace/perso/bike/nodejs/node_modules/express/lib/router/route.js:137:13)
      at Route.dispatch (/home/anthony/workspace/perso/bike/nodejs/node_modules/express/lib/router/route.js:112:3)
      at Layer.handle [as handle_request] (/home/anthony/workspace/perso/bike/nodejs/node_modules/express/lib/router/layer.js:95:5)
      at /home/anthony/workspace/perso/bike/nodejs/node_modules/express/lib/router/index.js:281:22
      at Function.process_params (/home/anthony/workspace/perso/bike/nodejs/node_modules/express/lib/router/index.js:335:12)
      at next (/home/anthony/workspace/perso/bike/nodejs/node_modules/express/lib/router/index.js:275:10)
      at Function.handle (/home/anthony/workspace/perso/bike/nodejs/node_modules/express/lib/router/index.js:174:3)"
  }
}
2019-11-26 18:13:28 [0] error: POST /bike/create 400 - - 9.546 ms
{}
2019-11-26 18:13:45 [0] info: headers: {
  "headers": {
    "host": "localhost:3000",
    "user-agent": "curl/7.58.0",
    "accept": "*/*",
    "content-type": "application/json",
    "content-length": "110"
  }
}
2019-11-26 18:13:45 [0] info: start req: POST /bike/create{}
2019-11-26 18:13:45 [0] info: body: {
  "body": {
    "name": "City Max",
    "brand": "Devalodn",
    "year": 2017,
    "motorType": "geared",
    "type": "urban"
  }
}
2019-11-26 18:15:11 [0] info: headers: {
  "headers": {
    "host": "localhost:3000",
    "user-agent": "curl/7.58.0",
    "accept": "*/*",
    "content-type": "application/json",
    "content-length": "110"
  }
}
2019-11-26 18:15:11 [0] info: start req: POST /bike/create{}
2019-11-26 18:15:11 [0] info: body: {
  "body": {
    "name": "City Max",
    "brand": "Devalodn",
    "year": 2017,
    "motorType": "geared",
    "type": "urban"
  }
}
2019-11-26 18:17:11 info: POST /bike/create - - - - ms
{}
2019-11-26 18:19:46 [0] info: headers: {
  "headers": {
    "host": "localhost:3000",
    "user-agent": "curl/7.58.0",
    "accept": "*/*",
    "content-type": "application/json",
    "content-length": "110"
  }
}
2019-11-26 18:19:46 [0] info: start req: POST /bike/create{}
2019-11-26 18:19:46 [0] info: body: {
  "body": {
    "name": "City Max",
    "brand": "Devalodn",
    "year": 2017,
    "motorType": "geared",
    "type": "urban"
  }
}
2019-11-26 18:19:46 [0] info: POST /bike/create 200 38 - 12.508 ms
{}
2019-11-26 18:20:20 [0] info: headers: {
  "headers": {
    "host": "localhost:3000",
    "user-agent": "curl/7.58.0",
    "accept": "*/*",
    "content-type": "application/json",
    "content-length": "110"
  }
}
2019-11-26 18:20:20 [0] info: start req: POST /bike/create{}
2019-11-26 18:20:20 [0] info: body: {
  "body": {
    "name": "City Max",
    "brand": "Devalodn",
    "year": 2017,
    "motorType": "geared",
    "type": "urban"
  }
}
2019-11-26 18:20:20 [0] info: POST /bike/create 200 38 - 13.678 ms
{}
2019-11-26 18:20:46 [0] info: headers: {
  "headers": {
    "host": "localhost:3000",
    "user-agent": "curl/7.58.0",
    "accept": "*/*",
    "content-type": "application/json",
    "content-length": "110"
  }
}
2019-11-26 18:20:46 [0] info: start req: POST /bike/create{}
2019-11-26 18:20:46 [0] info: body: {
  "body": {
    "name": "City Max",
    "brand": "Devalodn",
    "year": 2017,
    "motorType": "geared",
    "type": "urban"
  }
}
2019-11-26 18:20:46 [0] info: POST /bike/create 200 38 - 14.436 ms
{}
2019-11-26 18:22:08 [0] info: headers: {
  "headers": {
    "host": "localhost:3000",
    "user-agent": "curl/7.58.0",
    "accept": "*/*",
    "content-type": "application/json",
    "content-length": "110"
  }
}
2019-11-26 18:22:08 [0] info: start req: POST /bike/create{}
2019-11-26 18:22:08 [0] info: body: {
  "body": {
    "name": "City Max",
    "brand": "Devalodn",
    "year": 2017,
    "motorType": "geared",
    "type": "urban"
  }
}
2019-11-26 18:22:08 [0] info: POST /bike/create 200 38 - 13.320 ms
{}
2019-11-26 18:24:11 [0] info: headers: {
  "headers": {
    "host": "localhost:3000",
    "user-agent": "curl/7.58.0",
    "accept": "*/*",
    "content-type": "application/json",
    "content-length": "110"
  }
}
2019-11-26 18:24:11 [0] info: start req: POST /bike/create{}
2019-11-26 18:24:11 [0] info: body: {
  "body": {
    "name": "City Max",
    "brand": "Devalodn",
    "year": 2017,
    "motorType": "geared",
    "type": "urban"
  }
}
2019-11-26 18:24:11 [0] info: POST /bike/create 200 38 - 12.240 ms
{}
2019-11-26 18:24:17 [1] info: headers: {
  "headers": {
    "host": "localhost:3000",
    "user-agent": "curl/7.58.0",
    "accept": "*/*",
    "content-type": "application/json",
    "content-length": "110"
  }
}
2019-11-26 18:24:17 [1] info: start req: POST /bike/create{}
2019-11-26 18:24:17 [1] info: body: {
  "body": {
    "name": "City Max",
    "brand": "Devalodn",
    "year": 2017,
    "motorType": "geared",
    "type": "urban"
  }
}
2019-11-26 18:24:17 [1] info: POST /bike/create 200 38 - 4.913 ms
{}
2019-11-26 18:24:42 [0] info: headers: {
  "headers": {
    "host": "localhost:3000",
    "user-agent": "curl/7.58.0",
    "accept": "*/*",
    "content-type": "application/json",
    "content-length": "110"
  }
}
2019-11-26 18:24:42 [0] info: start req: POST /bike/create{}
2019-11-26 18:24:42 [0] info: body: {
  "body": {
    "name": "City Max",
    "brand": "Devalodn",
    "year": 2017,
    "motorType": "geared",
    "type": "urban"
  }
}
2019-11-26 18:24:42 [0] info: POST /bike/create 200 38 - 12.342 ms
{}
2019-11-26 18:25:21 [0] info: headers: {
  "headers": {
    "host": "localhost:3000",
    "user-agent": "curl/7.58.0",
    "accept": "*/*",
    "content-type": "application/json",
    "content-length": "110"
  }
}
2019-11-26 18:25:21 [0] info: start req: POST /bike/create{}
2019-11-26 18:25:21 [0] info: body: {
  "body": {
    "name": "City Max",
    "brand": "Devalodn",
    "year": 2017,
    "motorType": "geared",
    "type": "urban"
  }
}
2019-11-26 18:26:42 [0] info: headers: {
  "headers": {
    "host": "localhost:3000",
    "user-agent": "curl/7.58.0",
    "accept": "*/*",
    "content-type": "application/json",
    "content-length": "110"
  }
}
2019-11-26 18:26:42 [0] info: start req: POST /bike/create{}
2019-11-26 18:26:42 [0] info: body: {
  "body": {
    "name": "City Max",
    "brand": "Devalodn",
    "year": 2017,
    "motorType": "geared",
    "type": "urban"
  }
}
2019-11-26 18:27:05 [0] info: headers: {
  "headers": {
    "host": "localhost:3000",
    "user-agent": "curl/7.58.0",
    "accept": "*/*",
    "content-type": "application/json",
    "content-length": "110"
  }
}
2019-11-26 18:27:05 [0] info: start req: POST /bike/create{}
2019-11-26 18:27:05 [0] info: body: {
  "body": {
    "name": "City Max",
    "brand": "Devalodn",
    "year": 2017,
    "motorType": "geared",
    "type": "urban"
  }
}
2019-11-26 18:27:39 [0] info: headers: {
  "headers": {
    "host": "localhost:3000",
    "user-agent": "curl/7.58.0",
    "accept": "*/*",
    "content-type": "application/json",
    "content-length": "110"
  }
}
2019-11-26 18:27:39 [0] info: start req: POST /bike/create{}
2019-11-26 18:27:39 [0] info: body: {
  "body": {
    "name": "City Max",
    "brand": "Devalodn",
    "year": 2017,
    "motorType": "geared",
    "type": "urban"
  }
}
2019-11-26 18:29:39 info: POST /bike/create - - - - ms
{}
2019-11-26 18:30:32 [0] info: headers: {
  "headers": {
    "host": "localhost:3000",
    "user-agent": "curl/7.58.0",
    "accept": "*/*",
    "content-type": "application/json",
    "content-length": "110"
  }
}
2019-11-26 18:30:32 [0] info: start req: POST /bike/create{}
2019-11-26 18:30:32 [0] info: body: {
  "body": {
    "name": "City Max",
    "brand": "Devalodn",
    "year": 2017,
    "motorType": "geared",
    "type": "urban"
  }
}
2019-11-26 18:30:32 [0] info: POST /bike/create 200 38 - 13.377 ms
{}
2019-11-26 18:31:26 [0] info: headers: {
  "headers": {
    "host": "localhost:3000",
    "user-agent": "curl/7.58.0",
    "accept": "*/*",
    "content-type": "application/json",
    "content-length": "110"
  }
}
2019-11-26 18:31:26 [0] info: start req: POST /bike/create{}
2019-11-26 18:31:26 [0] info: body: {
  "body": {
    "name": "City Max",
    "brand": "Devalodn",
    "year": 2017,
    "motorType": "geared",
    "type": "urban"
  }
}
2019-11-26 18:31:26 [0] info: POST /bike/create 200 38 - 12.179 ms
{}
2019-11-26 18:33:28 [0] info: headers: {
  "headers": {
    "host": "localhost:3000",
    "user-agent": "curl/7.58.0",
    "accept": "*/*",
    "content-type": "application/json",
    "content-length": "110"
  }
}
2019-11-26 18:33:28 [0] info: start req: POST /bike/create{}
2019-11-26 18:33:28 [0] info: body: {
  "body": {
    "name": "City Max",
    "brand": "Devalodn",
    "year": 2017,
    "motorType": "geared",
    "type": "urban"
  }
}
2019-11-26 18:33:28 [0] info: POST /bike/create 200 38 - 12.267 ms
{}
2019-11-26 18:36:07 [1] info: headers: {
  "headers": {
    "host": "localhost:3000",
    "user-agent": "curl/7.58.0",
    "accept": "*/*",
    "content-type": "application/json",
    "content-length": "110"
  }
}
2019-11-26 18:36:07 [1] info: start req: POST /bike/create{}
2019-11-26 18:36:07 [1] info: body: {
  "body": {
    "name": "City Max",
    "brand": "Devalodn",
    "year": 2017,
    "motorType": "geared",
    "type": "urban"
  }
}
2019-11-26 18:36:07 [1] error: error creating new bike{
  "_error": {
    "message": "Unexpected token , in JSON at position 0",
    "stack": "SyntaxError: Unexpected token , in JSON at position 0
      at JSON.parse (<anonymous>)
      at create (/home/anthony/workspace/perso/bike/nodejs/modules/queries.js:49:21)
      at Layer.handle [as handle_request] (/home/anthony/workspace/perso/bike/nodejs/node_modules/express/lib/router/layer.js:95:5)
      at next (/home/anthony/workspace/perso/bike/nodejs/node_modules/express/lib/router/route.js:137:13)
      at Route.dispatch (/home/anthony/workspace/perso/bike/nodejs/node_modules/express/lib/router/route.js:112:3)
      at Layer.handle [as handle_request] (/home/anthony/workspace/perso/bike/nodejs/node_modules/express/lib/router/layer.js:95:5)
      at /home/anthony/workspace/perso/bike/nodejs/node_modules/express/lib/router/index.js:281:22
      at Function.process_params (/home/anthony/workspace/perso/bike/nodejs/node_modules/express/lib/router/index.js:335:12)
      at next (/home/anthony/workspace/perso/bike/nodejs/node_modules/express/lib/router/index.js:275:10)
      at Function.handle (/home/anthony/workspace/perso/bike/nodejs/node_modules/express/lib/router/index.js:174:3)"
  }
}
2019-11-26 18:36:07 [1] error: POST /bike/create 400 - - 3.196 ms
{}
2019-11-26 18:36:29 [0] info: headers: {
  "headers": {
    "host": "localhost:3000",
    "user-agent": "curl/7.58.0",
    "accept": "*/*",
    "content-type": "application/json",
    "content-length": "110"
  }
}
2019-11-26 18:36:29 [0] info: start req: POST /bike/create{}
2019-11-26 18:36:29 [0] info: body: {
  "body": {
    "name": "City Max",
    "brand": "Devalodn",
    "year": 2017,
    "motorType": "geared",
    "type": "urban"
  }
}
2019-11-26 18:36:29 [0] info: POST /bike/create 200 38 - 11.806 ms
{}
2019-11-26 18:38:34 [0] info: headers: {
  "headers": {
    "host": "localhost:3000",
    "user-agent": "curl/7.58.0",
    "accept": "*/*",
    "content-type": "application/json",
    "content-length": "110"
  }
}
2019-11-26 18:38:34 [0] info: start req: POST /bike/create{}
2019-11-26 18:38:34 [0] info: body: {
  "body": {
    "name": "City Max",
    "brand": "Devalodn",
    "year": 2017,
    "motorType": "geared",
    "type": "urban"
  }
}
2019-11-26 18:38:34 [0] info: POST /bike/create 200 38 - 12.422 ms
{}
2019-11-26 18:38:41 [1] info: headers: {
  "headers": {
    "host": "localhost:3000",
    "user-agent": "curl/7.58.0",
    "accept": "*/*",
    "content-type": "application/json",
    "content-length": "110"
  }
}
2019-11-26 18:38:41 [1] info: start req: POST /bike/create{}
2019-11-26 18:38:41 [1] info: body: {
  "body": {
    "name": "City Max",
    "brand": "Devalodn",
    "year": 2017,
    "motorType": "geared",
    "type": "urban"
  }
}
2019-11-26 18:38:41 [1] error: error creating new bike{
  "_error": {
    "message": "Unexpected token , in JSON at position 0",
    "stack": "SyntaxError: Unexpected token , in JSON at position 0
      at JSON.parse (<anonymous>)
      at create (/home/anthony/workspace/perso/bike/nodejs/modules/queries.js:49:21)
      at Layer.handle [as handle_request] (/home/anthony/workspace/perso/bike/nodejs/node_modules/express/lib/router/layer.js:95:5)
      at next (/home/anthony/workspace/perso/bike/nodejs/node_modules/express/lib/router/route.js:137:13)
      at Route.dispatch (/home/anthony/workspace/perso/bike/nodejs/node_modules/express/lib/router/route.js:112:3)
      at Layer.handle [as handle_request] (/home/anthony/workspace/perso/bike/nodejs/node_modules/express/lib/router/layer.js:95:5)
      at /home/anthony/workspace/perso/bike/nodejs/node_modules/express/lib/router/index.js:281:22
      at Function.process_params (/home/anthony/workspace/perso/bike/nodejs/node_modules/express/lib/router/index.js:335:12)
      at next (/home/anthony/workspace/perso/bike/nodejs/node_modules/express/lib/router/index.js:275:10)
      at Function.handle (/home/anthony/workspace/perso/bike/nodejs/node_modules/express/lib/router/index.js:174:3)"
  }
}
2019-11-26 18:38:41 [1] error: POST /bike/create 400 - - 2.481 ms
{}
2019-11-26 18:38:46 [2] info: headers: {
  "headers": {
    "host": "localhost:3000",
    "user-agent": "curl/7.58.0",
    "accept": "*/*",
    "content-type": "application/json",
    "content-length": "111"
  }
}
2019-11-26 18:38:46 [2] info: start req: POST /bike/create{}
2019-11-26 18:38:46 [2] info: body: {
  "body": {
    "name": "City Max",
    "brand": "Devalodn",
    "year": 2017,
    "motorType": "geared",
    "type": "urband"
  }
}
2019-11-26 18:38:46 [2] error: error creating new bike{
  "_error": {
    "message": "Unexpected token , in JSON at position 0",
    "stack": "SyntaxError: Unexpected token , in JSON at position 0
      at JSON.parse (<anonymous>)
      at create (/home/anthony/workspace/perso/bike/nodejs/modules/queries.js:49:21)
      at Layer.handle [as handle_request] (/home/anthony/workspace/perso/bike/nodejs/node_modules/express/lib/router/layer.js:95:5)
      at next (/home/anthony/workspace/perso/bike/nodejs/node_modules/express/lib/router/route.js:137:13)
      at Route.dispatch (/home/anthony/workspace/perso/bike/nodejs/node_modules/express/lib/router/route.js:112:3)
      at Layer.handle [as handle_request] (/home/anthony/workspace/perso/bike/nodejs/node_modules/express/lib/router/layer.js:95:5)
      at /home/anthony/workspace/perso/bike/nodejs/node_modules/express/lib/router/index.js:281:22
      at Function.process_params (/home/anthony/workspace/perso/bike/nodejs/node_modules/express/lib/router/index.js:335:12)
      at next (/home/anthony/workspace/perso/bike/nodejs/node_modules/express/lib/router/index.js:275:10)
      at Function.handle (/home/anthony/workspace/perso/bike/nodejs/node_modules/express/lib/router/index.js:174:3)"
  }
}
2019-11-26 18:38:46 [2] error: POST /bike/create 400 - - 2.376 ms
{}
2019-11-26 18:39:32 error: POST /bike/create 400 957 - 327.174 ms
{}
2019-11-26 18:39:44 error: POST /bike/create 400 957 - 172.203 ms
{}
2019-11-26 18:39:55 [0] info: headers: {
  "headers": {
    "host": "localhost:3000",
    "user-agent": "curl/7.58.0",
    "accept": "*/*",
    "content-type": "application/json",
    "content-length": "110"
  }
}
2019-11-26 18:39:55 [0] info: start req: POST /bike/create{}
2019-11-26 18:39:55 [0] info: body: {
  "body": {
    "name": "City Max",
    "brand": "Devalodn",
    "year": 2017,
    "motorType": "geared",
    "type": "urban"
  }
}
2019-11-26 18:39:55 [0] info: POST /bike/create 200 38 - 5.196 ms
{}
2019-11-26 18:40:09 [1] info: headers: {
  "headers": {
    "host": "localhost:3000",
    "user-agent": "curl/7.58.0",
    "accept": "*/*",
    "content-type": "application/json",
    "content-length": "114"
  }
}
2019-11-26 18:40:09 [1] info: start req: POST /bike/create{}
2019-11-26 18:40:09 [1] info: body: {
  "body": {
    "name": "City ddddMax",
    "brand": "Devalodn",
    "year": 2017,
    "motorType": "geared",
    "type": "urban"
  }
}
2019-11-26 18:40:09 [1] error: error creating new bike{
  "_error": {
    "message": "Unexpected token , in JSON at position 0",
    "stack": "SyntaxError: Unexpected token , in JSON at position 0
      at JSON.parse (<anonymous>)
      at create (/home/anthony/workspace/perso/bike/nodejs/modules/queries.js:49:21)
      at Layer.handle [as handle_request] (/home/anthony/workspace/perso/bike/nodejs/node_modules/express/lib/router/layer.js:95:5)
      at next (/home/anthony/workspace/perso/bike/nodejs/node_modules/express/lib/router/route.js:137:13)
      at Route.dispatch (/home/anthony/workspace/perso/bike/nodejs/node_modules/express/lib/router/route.js:112:3)
      at Layer.handle [as handle_request] (/home/anthony/workspace/perso/bike/nodejs/node_modules/express/lib/router/layer.js:95:5)
      at /home/anthony/workspace/perso/bike/nodejs/node_modules/express/lib/router/index.js:281:22
      at Function.process_params (/home/anthony/workspace/perso/bike/nodejs/node_modules/express/lib/router/index.js:335:12)
      at next (/home/anthony/workspace/perso/bike/nodejs/node_modules/express/lib/router/index.js:275:10)
      at Function.handle (/home/anthony/workspace/perso/bike/nodejs/node_modules/express/lib/router/index.js:174:3)"
  }
}
2019-11-26 18:40:09 [1] error: POST /bike/create 400 - - 2.049 ms
{}
2019-11-26 18:40:38 [0] info: headers: {
  "headers": {
    "host": "localhost:3000",
    "user-agent": "curl/7.58.0",
    "accept": "*/*",
    "content-type": "application/json",
    "content-length": "114"
  }
}
2019-11-26 18:40:38 [0] info: start req: POST /bike/create{}
2019-11-26 18:40:38 [0] info: body: {
  "body": {
    "name": "City ddddMax",
    "brand": "Devalodn",
    "year": 2017,
    "motorType": "geared",
    "type": "urban"
  }
}
2019-11-26 18:40:38 [0] info: POST /bike/create 200 38 - 11.416 ms
{}
2019-11-26 18:41:04 [0] info: headers: {
  "headers": {
    "host": "localhost:3000",
    "user-agent": "curl/7.58.0",
    "accept": "*/*",
    "content-type": "application/json",
    "content-length": "114"
  }
}
2019-11-26 18:41:04 [0] info: start req: POST /bike/create{}
2019-11-26 18:41:04 [0] info: body: {
  "body": {
    "name": "City ddddMax",
    "brand": "Devalodn",
    "year": 2017,
    "motorType": "geared",
    "type": "urban"
  }
}
2019-11-26 18:41:04 [0] info: POST /bike/create 200 38 - 13.428 ms
{}
2019-11-26 18:41:34 [0] info: headers: {
  "headers": {
    "host": "localhost:3000",
    "user-agent": "curl/7.58.0",
    "accept": "*/*",
    "content-type": "application/json",
    "content-length": "114"
  }
}
2019-11-26 18:41:34 [0] info: start req: POST /bike/create{}
2019-11-26 18:41:34 [0] info: body: {
  "body": {
    "name": "City ddddMax",
    "brand": "Devalodn",
    "year": 2017,
    "motorType": "geared",
    "type": "urban"
  }
}
2019-11-26 18:41:34 [0] info: POST /bike/create 200 38 - 12.539 ms
{}
2019-11-26 18:45:11 [0] info: headers: {
  "headers": {
    "host": "localhost:3000",
    "user-agent": "curl/7.58.0",
    "accept": "*/*",
    "content-type": "application/json",
    "content-length": "114"
  }
}
2019-11-26 18:45:11 [0] info: start req: POST /bike/create{}
2019-11-26 18:45:11 [0] info: body: {
  "body": {
    "name": "City ddddMax",
    "brand": "Devalodn",
    "year": 2017,
    "motorType": "geared",
    "type": "urban"
  }
}
2019-11-26 18:45:11 [0] info: POST /bike/create 200 38 - 11.946 ms
{}
2019-11-26 18:45:37 [0] info: headers: {
  "headers": {
    "host": "localhost:3000",
    "user-agent": "curl/7.58.0",
    "accept": "*/*",
    "content-type": "application/json",
    "content-length": "114"
  }
}
2019-11-26 18:45:37 [0] info: start req: POST /bike/create{}
2019-11-26 18:45:37 [0] info: body: {
  "body": {
    "name": "City ddddMax",
    "brand": "Devalodn",
    "year": 2017,
    "motorType": "geared",
    "type": "urban"
  }
}
2019-11-26 18:45:37 [0] info: POST /bike/create 200 38 - 10.684 ms
{}
2019-11-26 23:00:32 [0] info: headers: {
  "headers": {
    "host": "127.0.0.1:39651",
    "accept-encoding": "gzip, deflate",
    "user-agent": "node-superagent/3.8.3",
    "connection": "close"
  }
}
2019-11-26 23:00:32 [0] info: start req: GET /bike/readAll{}
2019-11-26 23:00:32 [0] info: GET /bike/readAll 200 717 - 8.683 ms
{}
2019-11-26 23:00:55 [0] info: headers: {
  "headers": {
    "host": "127.0.0.1:37171",
    "accept-encoding": "gzip, deflate",
    "user-agent": "node-superagent/3.8.3",
    "connection": "close"
  }
}
2019-11-26 23:00:55 [0] info: start req: GET /bike/readAll{}
2019-11-26 23:00:55 [0] info: GET /bike/readAll 200 717 - 4.903 ms
{}
2019-11-26 23:01:08 [0] info: headers: {
  "headers": {
    "host": "127.0.0.1:36373",
    "accept-encoding": "gzip, deflate",
    "user-agent": "node-superagent/3.8.3",
    "connection": "close"
  }
}
2019-11-26 23:01:08 [0] info: start req: GET /bike/readAll{}
2019-11-26 23:01:08 [0] info: GET /bike/readAll 200 717 - 6.785 ms
{}
2019-11-26 23:03:00 [0] info: headers: {
  "headers": {
    "host": "127.0.0.1:41931",
    "accept-encoding": "gzip, deflate",
    "user-agent": "node-superagent/3.8.3",
    "connection": "close"
  }
}
2019-11-26 23:03:00 [0] info: start req: GET /bike/readAll{}
2019-11-26 23:03:00 [0] info: GET /bike/readAll 200 717 - 6.228 ms
{}
2019-11-26 23:03:11 [0] info: headers: {
  "headers": {
    "host": "127.0.0.1:39903",
    "accept-encoding": "gzip, deflate",
    "user-agent": "node-superagent/3.8.3",
    "connection": "close"
  }
}
2019-11-26 23:03:11 [0] info: start req: GET /bike/readAll{}
2019-11-26 23:03:11 [0] info: GET /bike/readAll 200 717 - 10.232 ms
{}
2019-11-26 23:03:38 [0] info: headers: {
  "headers": {
    "host": "127.0.0.1:41555",
    "accept-encoding": "gzip, deflate",
    "user-agent": "node-superagent/3.8.3",
    "connection": "close"
  }
}
2019-11-26 23:03:38 [0] info: start req: GET /bike/readAll{}
2019-11-26 23:03:38 [0] info: GET /bike/readAll 200 717 - 5.177 ms
{}
2019-11-26 23:03:52 [0] info: headers: {
  "headers": {
    "host": "127.0.0.1:33363",
    "accept-encoding": "gzip, deflate",
    "user-agent": "node-superagent/3.8.3",
    "connection": "close"
  }
}
2019-11-26 23:03:52 [0] info: start req: GET /bike/readAll{}
2019-11-26 23:03:52 [0] info: GET /bike/readAll 200 717 - 6.089 ms
{}
2019-11-26 23:04:18 [0] info: headers: {
  "headers": {
    "host": "127.0.0.1:43133",
    "accept-encoding": "gzip, deflate",
    "user-agent": "node-superagent/3.8.3",
    "connection": "close"
  }
}
2019-11-26 23:04:18 [0] info: start req: GET /bike/readAll{}
2019-11-26 23:04:18 [0] info: GET /bike/readAll 200 717 - 6.629 ms
{}
2019-11-26 23:04:25 [0] info: headers: {
  "headers": {
    "host": "127.0.0.1:46595",
    "accept-encoding": "gzip, deflate",
    "user-agent": "node-superagent/3.8.3",
    "connection": "close"
  }
}
2019-11-26 23:04:25 [0] info: start req: GET /bike/readAll{}
2019-11-26 23:04:25 [0] info: GET /bike/readAll 200 717 - 4.782 ms
{}
2019-11-26 23:06:54 [0] info: headers: {
  "headers": {
    "host": "127.0.0.1:44521",
    "accept-encoding": "gzip, deflate",
    "user-agent": "node-superagent/3.8.3",
    "connection": "close"
  }
}
2019-11-26 23:06:54 [0] info: start req: GET /bike/readAll{}
2019-11-26 23:06:54 [0] info: GET /bike/readAll 200 717 - 4.672 ms
{}
2019-11-26 23:07:27 [0] info: headers: {
  "headers": {
    "host": "127.0.0.1:38101",
    "accept-encoding": "gzip, deflate",
    "user-agent": "node-superagent/3.8.3",
    "connection": "close"
  }
}
2019-11-26 23:07:27 [0] info: start req: GET /bike/readAll{}
2019-11-26 23:07:27 [0] info: GET /bike/readAll 200 717 - 4.622 ms
{}
2019-11-26 23:08:40 [0] info: headers: {
  "headers": {
    "host": "127.0.0.1:34253",
    "accept-encoding": "gzip, deflate",
    "user-agent": "node-superagent/3.8.3",
    "connection": "close"
  }
}
2019-11-26 23:08:40 [0] info: start req: GET /bike/readAll{}
2019-11-26 23:08:40 [0] info: GET /bike/readAll 200 717 - 4.629 ms
{}
2019-11-26 23:08:52 [0] info: headers: {
  "headers": {
    "host": "127.0.0.1:35093",
    "accept-encoding": "gzip, deflate",
    "user-agent": "node-superagent/3.8.3",
    "connection": "close"
  }
}
2019-11-26 23:08:52 [0] info: start req: GET /bike/readAll{}
2019-11-26 23:08:52 [0] info: GET /bike/readAll 200 717 - 4.600 ms
{}
2019-11-26 23:09:13 [0] info: headers: {
  "headers": {
    "host": "127.0.0.1:46429",
    "accept-encoding": "gzip, deflate",
    "user-agent": "node-superagent/3.8.3",
    "connection": "close"
  }
}
2019-11-26 23:09:13 [0] info: start req: GET /bike/readAll{}
2019-11-26 23:09:13 [0] info: GET /bike/readAll 200 717 - 6.785 ms
{}
2019-11-26 23:09:17 [0] info: headers: {
  "headers": {
    "host": "127.0.0.1:39123",
    "accept-encoding": "gzip, deflate",
    "user-agent": "node-superagent/3.8.3",
    "connection": "close"
  }
}
2019-11-26 23:09:17 [0] info: start req: GET /bike/readAll{}
2019-11-26 23:09:17 [0] info: GET /bike/readAll 200 717 - 9.544 ms
{}
2019-11-26 23:09:33 [0] info: headers: {
  "headers": {
    "host": "127.0.0.1:34561",
    "accept-encoding": "gzip, deflate",
    "user-agent": "node-superagent/3.8.3",
    "connection": "close"
  }
}
2019-11-26 23:09:33 [0] info: start req: GET /bike/readAll{}
2019-11-26 23:09:33 [0] info: GET /bike/readAll 200 717 - 4.725 ms
{}
2019-11-26 23:09:46 [0] info: headers: {
  "headers": {
    "host": "127.0.0.1:40209",
    "accept-encoding": "gzip, deflate",
    "user-agent": "node-superagent/3.8.3",
    "connection": "close"
  }
}
2019-11-26 23:09:46 [0] info: start req: GET /bike/readAll{}
2019-11-26 23:09:46 [0] info: GET /bike/readAll 200 717 - 4.836 ms
{}
2019-11-26 23:10:50 [0] info: headers: {
  "headers": {
    "host": "127.0.0.1:36839",
    "accept-encoding": "gzip, deflate",
    "user-agent": "node-superagent/3.8.3",
    "connection": "close"
  }
}
2019-11-26 23:10:50 [0] info: start req: GET /bike/readAll{}
2019-11-26 23:10:50 [0] info: GET /bike/readAll 200 717 - 4.917 ms
{}
2019-11-26 23:10:50 [1] info: headers: {
  "headers": {
    "host": "127.0.0.1:35731",
    "accept-encoding": "gzip, deflate",
    "user-agent": "node-superagent/3.8.3",
    "connection": "close"
  }
}
2019-11-26 23:10:50 [1] info: start req: GET /bike/read/7ef8e968-7d5b-4bbb-9779-5abe4de457b6{}
2019-11-26 23:10:50 [1] info: GET /bike/read/7ef8e968-7d5b-4bbb-9779-5abe4de457b6 200 132 - 1.493 ms
{}
2019-11-26 23:11:02 [0] info: headers: {
  "headers": {
    "host": "127.0.0.1:44389",
    "accept-encoding": "gzip, deflate",
    "user-agent": "node-superagent/3.8.3",
    "connection": "close"
  }
}
2019-11-26 23:11:02 [0] info: start req: GET /bike/readAll{}
2019-11-26 23:11:02 [0] info: GET /bike/readAll 200 717 - 4.779 ms
{}
2019-11-26 23:11:02 [1] info: headers: {
  "headers": {
    "host": "127.0.0.1:39875",
    "accept-encoding": "gzip, deflate",
    "user-agent": "node-superagent/3.8.3",
    "connection": "close"
  }
}
2019-11-26 23:11:02 [1] info: start req: GET /bike/read/7ef8e968-7d5b-4bbb-9779-5abe4de457b6{}
2019-11-26 23:11:02 [1] info: GET /bike/read/7ef8e968-7d5b-4bbb-9779-5abe4de457b6 200 132 - 1.374 ms
{}
2019-11-26 23:11:35 [0] info: headers: {
  "headers": {
    "host": "127.0.0.1:35561",
    "accept-encoding": "gzip, deflate",
    "user-agent": "node-superagent/3.8.3",
    "connection": "close"
  }
}
2019-11-26 23:11:35 [0] info: start req: GET /bike/readAll{}
2019-11-26 23:11:35 [0] info: GET /bike/readAll 200 717 - 4.893 ms
{}
2019-11-26 23:11:35 [1] info: headers: {
  "headers": {
    "host": "127.0.0.1:43331",
    "accept-encoding": "gzip, deflate",
    "user-agent": "node-superagent/3.8.3",
    "connection": "close"
  }
}
2019-11-26 23:11:35 [1] info: start req: GET /bike/read/7ef8e968-7d5b-4bbb-9779-5abe4de457b6{}
2019-11-26 23:11:35 [1] info: GET /bike/read/7ef8e968-7d5b-4bbb-9779-5abe4de457b6 200 132 - 1.694 ms
{}
2019-11-26 23:12:37 [0] info: headers: {
  "headers": {
    "host": "127.0.0.1:43253",
    "accept-encoding": "gzip, deflate",
    "user-agent": "node-superagent/3.8.3",
    "connection": "close"
  }
}
2019-11-26 23:12:37 [0] info: start req: GET /bike/readAll{}
2019-11-26 23:12:37 [0] info: GET /bike/readAll 200 717 - 5.857 ms
{}
2019-11-26 23:12:37 [1] info: headers: {
  "headers": {
    "host": "127.0.0.1:32871",
    "accept-encoding": "gzip, deflate",
    "user-agent": "node-superagent/3.8.3",
    "connection": "close"
  }
}
2019-11-26 23:12:37 [1] info: start req: GET /bike/read/7ef8e968-7d5b-4bbb-9779-5abe4de457b6{}
2019-11-26 23:12:37 [1] info: GET /bike/read/7ef8e968-7d5b-4bbb-9779-5abe4de457b6 200 132 - 2.089 ms
{}
2019-11-26 23:12:51 [0] info: headers: {
  "headers": {
    "host": "127.0.0.1:39285",
    "accept-encoding": "gzip, deflate",
    "user-agent": "node-superagent/3.8.3",
    "connection": "close"
  }
}
2019-11-26 23:12:51 [0] info: start req: GET /bike/readAll{}
2019-11-26 23:12:51 [0] info: GET /bike/readAll 200 717 - 5.358 ms
{}
2019-11-26 23:12:51 [1] info: headers: {
  "headers": {
    "host": "127.0.0.1:41921",
    "accept-encoding": "gzip, deflate",
    "user-agent": "node-superagent/3.8.3",
    "connection": "close"
  }
}
2019-11-26 23:12:51 [1] info: start req: GET /bike/read/7ef8e968-7d5b-4bbb-9779-5abe4de457b6{}
2019-11-26 23:12:51 [1] info: GET /bike/read/7ef8e968-7d5b-4bbb-9779-5abe4de457b6 200 132 - 1.360 ms
{}
2019-11-26 23:22:43 [0] info: headers: {
  "headers": {
    "host": "127.0.0.1:38361",
    "accept-encoding": "gzip, deflate",
    "user-agent": "node-superagent/3.8.3",
    "connection": "close"
  }
}
2019-11-26 23:22:43 [0] info: start req: GET /bike/readAll{}
2019-11-26 23:22:43 [0] info: GET /bike/readAll 200 717 - 4.807 ms
{}
2019-11-26 23:22:43 [1] info: headers: {
  "headers": {
    "host": "127.0.0.1:33789",
    "accept-encoding": "gzip, deflate",
    "user-agent": "node-superagent/3.8.3",
    "connection": "close"
  }
}
2019-11-26 23:22:43 [1] info: start req: GET /bike/read/7ef8e968-7d5b-4bbb-9779-5abe4de457b6{}
2019-11-26 23:22:43 [1] info: GET /bike/read/7ef8e968-7d5b-4bbb-9779-5abe4de457b6 200 132 - 1.330 ms
{}
2019-11-26 23:22:49 [0] info: headers: {
  "headers": {
    "host": "127.0.0.1:33443",
    "accept-encoding": "gzip, deflate",
    "user-agent": "node-superagent/3.8.3",
    "connection": "close"
  }
}
2019-11-26 23:22:49 [0] info: start req: GET /bike/readAll{}
2019-11-26 23:22:49 [0] info: GET /bike/readAll 200 717 - 5.180 ms
{}
2019-11-26 23:22:49 [1] info: headers: {
  "headers": {
    "host": "127.0.0.1:42023",
    "accept-encoding": "gzip, deflate",
    "user-agent": "node-superagent/3.8.3",
    "connection": "close"
  }
}
2019-11-26 23:22:49 [1] info: start req: GET /bike/read/7ef8e968-7d5b-4bbb-9779-5abe4de457b6{}
2019-11-26 23:22:49 [1] info: GET /bike/read/7ef8e968-7d5b-4bbb-9779-5abe4de457b6 200 132 - 1.729 ms
{}
2019-11-26 23:22:56 [0] info: headers: {
  "headers": {
    "host": "127.0.0.1:44621",
    "accept-encoding": "gzip, deflate",
    "user-agent": "node-superagent/3.8.3",
    "connection": "close"
  }
}
2019-11-26 23:22:56 [0] info: start req: GET /bike/readAll{}
2019-11-26 23:22:56 [0] info: GET /bike/readAll 200 717 - 4.727 ms
{}
2019-11-26 23:22:56 [1] info: headers: {
  "headers": {
    "host": "127.0.0.1:37335",
    "accept-encoding": "gzip, deflate",
    "user-agent": "node-superagent/3.8.3",
    "connection": "close"
  }
}
2019-11-26 23:22:56 [1] info: start req: GET /bike/read/7ef8e968-7d5b-4bbb-9779-5abe4de457b6{}
2019-11-26 23:22:56 [1] info: GET /bike/read/7ef8e968-7d5b-4bbb-9779-5abe4de457b6 200 132 - 1.277 ms
{}
