2019-11-25 19:12:59 [0] error: error creating new bike, { _error: err }{}
2019-11-25 19:13:20 [0] error: error creating new bike, { _error: err }{}
2019-11-25 19:13:32 [0] error: error creating new bike, { _error: err }{}
2019-11-25 19:13:53 [0] error: error creating new bike, { _error: err }{}
2019-11-25 19:18:48 error: POST /create 400 959 - 175.778 ms
{}
2019-11-25 19:19:10 [0] error: bike already existing{
  "_error": "bike already existing"
}
2019-11-25 19:19:10 [0] error: error creating new bike, { _error: err }{}
2019-11-25 19:20:44 [0] error: error creating new bike, { _error: err }{}
2019-11-25 19:20:44 [0] error: POST /create 500 1332 - 174.366 ms
{}
2019-11-25 19:21:19 [0] error: error creating new bike, { _error: err }{}
2019-11-25 19:21:20 [0] error: POST /create 500 1308 - 178.733 ms
{}
2019-11-25 19:21:24 [1] error: error creating new bike, { _error: err }{}
2019-11-25 19:21:24 [1] error: POST /create 500 1308 - 11.486 ms
{}
2019-11-25 19:21:58 [0] error: error creating new bike, { _error: err }{}
2019-11-25 19:22:18 [1] error: error creating new bike, { _error: err }{}
2019-11-25 19:30:15 [1] error: bike already existing{
  "_error": "bike already existing"
}
2019-11-25 19:30:15 [1] error: error creating new bike, { _error: err }{}
2019-11-25 19:30:20 [0] error: bike already existing{
  "_error": "bike already existing"
}
2019-11-25 19:30:20 [0] error: error creating new bike, { _error: err }{}
2019-11-25 19:30:56 [0] error: bike already existing{
  "_error": "bike already existing"
}
2019-11-25 19:30:56 [0] error: error creating new bike, { _error: err }{}
2019-11-25 19:30:56 [0] error: POST /create 500 1308 - 180.028 ms
{}
2019-11-25 19:31:24 [0] error: bike already existing{
  "_error": "bike already existing"
}
2019-11-25 19:31:24 [0] error: error creating new bike, { _error: err }{}
2019-11-25 19:31:24 [0] error: POST /create 500 1308 - 368.565 ms
{}
2019-11-25 19:32:01 [0] error: bike already existing{
  "_error": "bike already existing"
}
2019-11-25 19:32:01 [0] error: error creating new bike, { _error: err }{}
2019-11-25 19:32:01 [0] error: POST /create 500 1308 - 174.741 ms
{}
2019-11-25 19:34:56 [0] error: error creating new bike, { _error: err }{}
2019-11-25 19:34:56 [0] error: POST /create 500 1308 - 181.374 ms
{}
2019-11-25 19:37:44 [1] error: bike already existing{
  "_error": "bike already existing"
}
2019-11-25 19:37:44 [1] error: POST /create 400 - - 2.378 ms
{}
2019-11-25 19:38:31 error: POST /create 400 959 - 181.506 ms
{}
2019-11-25 19:38:46 [2] error: bike already existing{
  "_error": "bike already existing"
}
2019-11-25 19:38:46 [2] error: POST /create 400 - - 2.177 ms
{}
2019-11-25 19:44:40 [0] error: POST /read 400 - - 9.133 ms
{}
2019-11-25 19:46:52 [0] error: error reading all bikes, { _error: err }{}
2019-11-25 19:46:52 [0] error: POST /readAll 400 - - 6.955 ms
{}
2019-11-25 19:47:46 [0] error: POST /read 404 1233 - 170.215 ms
{}
2019-11-25 19:48:03 [1] error: GET /read 400 - - 3.012 ms
{}
2019-11-25 19:48:08 [2] error: GET /read 400 - - 1.694 ms
{}
2019-11-25 19:48:58 [0] error: GET /read 400 - - 20.223 ms
{}
2019-11-25 19:49:11 [0] error: GET /read 400 - - 10.560 ms
{}
2019-11-25 19:49:37 [0] error: GET /read 400 - - 10.436 ms
{}
2019-11-25 19:49:58 [0] error: GET /read 404 - - 22.050 ms
{}
2019-11-25 19:51:03 [0] error: bike already existing{
  "_error": "bike already existing"
}
2019-11-25 19:51:03 [0] error: POST /create 400 - - 11.778 ms
{}
2019-11-25 20:00:37 [0] error: GET /read/7ef8e968-7d5b-4bbb-9779-5abe4de457dz 404 - - 7.353 ms
{}
2019-11-25 20:00:53 [1] error: GET /read/906bcbb6-8376-49a8-b085-93089b47fa10 404 - - 2.013 ms
{}
2019-11-25 20:01:30 [0] error: GET /read/906bcbb6-8376-49a8-b085-93089b47fa10 404 - - 5.116 ms
{}
2019-11-25 20:02:27 [1] error: GET /read?id=7ef8e968-7d5b-4bbb-9779-5abe4de457dz 404 1233 - 211.063 ms
{}
2019-11-25 20:02:34 [2] error: GET /read?id=906bcbb6-8376-49a8-b085-93089b47fa10 404 1233 - 9.785 ms
{}
2019-11-25 20:03:01 [0] error: GET /read?id=906bcbb6-8376-49a8-b085-93089b47fa10 404 1233 - 183.739 ms
{}
2019-11-25 20:03:38 [0] error: GET /read?id=906bcbb6-8376-49a8-b085-93089b47fa10 404 1233 - 182.691 ms
{}
2019-11-25 20:03:41 [1] error: GET /read?id=7ef8e968-7d5b-4bbb-9779-5abe4de457dz 404 1233 - 11.009 ms
{}
2019-11-25 20:04:38 [0] error: GET /read?id=7ef8e968-7d5b-4bbb-9779-5abe4de457dz 404 1233 - 172.294 ms
{}
2019-11-25 20:05:04 [0] error: GET /read?id=7ef8e968-7d5b-4bbb-9779-5abe4de457dz 404 1233 - 165.655 ms
{}
2019-11-25 20:05:29 [0] error: GET /read?id=7ef8e968-7d5b-4bbb-9779-5abe4de457dz 404 1233 - 353.060 ms
{}
2019-11-25 20:05:31 [1] error: GET /read?id=906bcbb6-8376-49a8-b085-93089b47fa10 404 1233 - 21.293 ms
{}
2019-11-25 20:06:05 [0] error: GET /read?id=906bcbb6-8376-49a8-b085-93089b47fa10 404 1233 - 287.049 ms
{}
2019-11-25 20:07:13 [1] error: GET /7ef8e968-7d5b-4bbb-9779-5abe4de457dz 404 1233 - 18.589 ms
{}
2019-11-25 20:07:39 [2] error: GET /read/id=7ef8e968-7d5b-4bbb-9779-5abe4de457dz 404 1233 - 13.602 ms
{}
2019-11-25 20:07:48 [3] error: GET /read?id=7ef8e968-7d5b-4bbb-9779-5abe4de457dz 404 1233 - 10.873 ms
{}
2019-11-25 20:08:12 [4] error: GET /read?id=906bcbb6-8376-49a8-b085-93089b47fa10 404 1233 - 9.922 ms
{}
2019-11-25 20:08:40 [5] error: GET /readAll 404 - - 3.028 ms
{}
2019-11-25 20:10:02 [0] error: GET /readAll 404 1233 - 166.040 ms
{}
2019-11-25 20:10:04 [1] error: GET /read?id=906bcbb6-8376-49a8-b085-93089b47fa10 404 1233 - 11.963 ms
{}
2019-11-25 20:10:09 [2] error: GET /read?id=7ef8e968-7d5b-4bbb-9779-5abe4de457dz 404 1233 - 7.377 ms
{}
2019-11-25 20:11:04 [3] error: GET /read 404 1233 - 10.714 ms
{}
2019-11-25 20:11:18 [4] error: GET /read/?id=906bcbb6-8376-49a8-b085-93089b47fa10 404 1233 - 8.898 ms
{}
2019-11-25 20:11:34 [5] error: GET /read/1 404 - - 2.468 ms
{}
2019-11-25 20:11:48 [6] error: GET /read/906bcbb6-8376-49a8-b085-93089b47fa10 404 - - 1.643 ms
{}
2019-11-25 20:11:58 [7] error: GET /read/906bcbb6-8376-49a8-b085-93089b47fa10 404 - - 1.282 ms
{}
2019-11-25 20:12:35 [0] error: GET /read?id=906bcbb6-8376-49a8-b085-93089b47fa10 404 1233 - 173.014 ms
{}
2019-11-25 20:32:40 [1] error: GET /read/?id=906bcbb6-8376-49a8-b085-93089b47fa10 404 1233 - 11.437 ms
{}
2019-11-25 20:32:52 [0] error: GET /read/?id=906bcbb6-8376-49a8-b085-93089b47fa10 404 1233 - 266.981 ms
{}
2019-11-25 20:35:28 [1] error: GET /read/906bcbb6-8376-49a8-b085-93089b47fa10 404 - - 4.010 ms
{}
2019-11-25 20:35:51 [2] error: GET /read/?id=906bcbb6-8376-49a8-b085-93089b47fa10 404 1233 - 16.012 ms
{}
2019-11-25 20:36:11 [3] error: GET /read/906bcbb6-8376-49a8-b085-93089b47fa10 404 - - 1.960 ms
{}
2019-11-25 20:36:30 [0] error: GET /read/906bcbb6-8376-49a8-b085-93089b47fa10 404 - - 7.469 ms
{}
2019-11-25 20:37:18 [1] error: GET /read/7ef8e968-7d5b-4bbb-9779-5abe4de457dz 404 - - 1.535 ms
{}
2019-11-25 20:38:03 [0] error: bike does
t exist{
  "_error": "bike doesn't exist"
}
2019-11-25 20:38:03 [0] error: GET /read/7ef8e968-7d5b-4bbb-9779-5abe4de457dz 404 - - 5.006 ms
{}
2019-11-25 20:38:15 [0] error: bike does	 exist{
  "_error": "bike doesn't exist"
}
2019-11-25 20:38:15 [0] error: GET /read/7ef8e968-7d5b-4bbb-9779-5abe4de457dz 404 - - 5.641 ms
{}
2019-11-25 20:38:28 [0] error: bike doesn't exist{
  "_error": "bike doesn't exist"
}
2019-11-25 20:38:28 [0] error: GET /read/7ef8e968-7d5b-4bbb-9779-5abe4de457dz 404 - - 5.899 ms
{}
2019-11-25 20:38:46 [0] error: bike doesn't exist{
  "_error": "bike doesn't exist"
}
2019-11-25 20:38:46 [0] error: GET /read/7ef8e968-7d5b-4bbb-9779-5abe4de457dz 404 - - 5.696 ms
{}
2019-11-25 20:39:00 [2] error: GET /readAll 404 1233 - 178.469 ms
{}
2019-11-25 20:39:07 [3] error: GET /readAll 404 1233 - 10.843 ms
{}
2019-11-25 20:42:57 [0] error: GET /delete/cfc47736-9a27-4dbe-9d65 404 1233 - 371.148 ms
{}
2019-11-25 20:43:09 [0] error: GET /delete/cfc47736-9a27-4dbe-9d65 404 1233 - 164.721 ms
{}
2019-11-25 20:43:56 [0] error: GET /delete/cfc47736-9a27-4dbe-9d65 404 1233 - 343.990 ms
{}
2019-11-25 20:45:04 [1] error: GET /delete/cfc47736-9a27-4dbe-9d65 404 1233 - 20.936 ms
{}
2019-11-25 20:45:16 [2] error: GET /delete?id=cfc47736-9a27-4dbe-9d65 404 1233 - 14.636 ms
{}
2019-11-25 20:45:55 [0] error: GET /delete/cfc47736-9a27-4dbe-9d65 404 1233 - 164.532 ms
{}
2019-11-25 20:47:02 [1] error: bike doesn't exist{
  "_error": "bike doesn't exist"
}
2019-11-25 20:47:02 [1] error: DELETE /delete/cfc47736-9a27-4dbe-9d65 404 - - 2.620 ms
{}
2019-11-25 20:47:07 [2] error: bike doesn't exist{
  "_error": "bike doesn't exist"
}
2019-11-25 20:47:07 [2] error: DELETE /delete/cfc47736-9a27-4dbe-9d65-2055aced6aef 404 - - 1.449 ms
{}
2019-11-25 20:47:37 [0] error: bike doesn't exist{
  "_error": "bike doesn't exist"
}
2019-11-25 20:47:37 [0] error: DELETE /delete/cfc47736-9a27-4dbe-9d65-2055aced6aef 404 - - 11.299 ms
{}
2019-11-25 20:53:06 error: file couldn't be copied{}
2019-11-25 20:53:18 error: file couldn't be copied{
  "_error": null
}
2019-11-25 20:53:29 error: file couldn't be copied{
  "_error": null
}
2019-11-25 20:54:30 [0] error: bike already existing{
  "_error": "bike already existing"
}
2019-11-25 20:54:30 [0] error: POST /create 400 - - 9.706 ms
{}
2019-11-25 20:54:49 [1] error: bike already existing{
  "_error": "bike already existing"
}
2019-11-25 20:54:49 [1] error: POST /create 400 - - 1.844 ms
{}
2019-11-25 20:55:00 [0] error: bike already existing{
  "_error": "bike already existing"
}
2019-11-25 20:55:00 [0] error: POST /create 400 - - 10.104 ms
{}
2019-11-25 20:55:32 [2] error: bike doesn't exist{
  "_error": "bike doesn't exist"
}
2019-11-25 20:55:32 [2] error: GET /read/7ef8e968-7d5b-4bbb-9779-5abe4de457dz 404 - - 3.524 ms
{}
2019-11-25 20:55:56 [6] error: bike doesn't exist{
  "_error": "bike doesn't exist"
}
2019-11-25 20:55:56 [6] error: DELETE /delete/cfc47736-9a27-4dbe-9d65 404 - - 2.145 ms
{}
